[debug] [2024-10-03T22:37:50.195Z] ----------------------------------------------------------------------
[debug] [2024-10-03T22:37:50.200Z] Command:       C:\Program Files\nodejs\node.exe C:\Users\Wendy\AppData\Roaming\npm\node_modules\firebase-tools\lib\bin\firebase.js deploy --only functions
[debug] [2024-10-03T22:37:50.201Z] CLI Version:   13.18.0
[debug] [2024-10-03T22:37:50.202Z] Platform:      win32
[debug] [2024-10-03T22:37:50.203Z] Node Version:  v18.20.4
[debug] [2024-10-03T22:37:50.204Z] Time:          Thu Oct 03 2024 16:37:50 GMT-0600 (GMT-06:00)
[debug] [2024-10-03T22:37:50.205Z] ----------------------------------------------------------------------
[debug] 
[debug] [2024-10-03T22:37:50.403Z] > command requires scopes: ["email","openid","https://www.googleapis.com/auth/cloudplatformprojects.readonly","https://www.googleapis.com/auth/firebase","https://www.googleapis.com/auth/cloud-platform"]
[debug] [2024-10-03T22:37:50.404Z] > authorizing via signed-in user (galvanflores102@gmail.com)
[debug] [2024-10-03T22:37:50.405Z] [iam] checking project chatbot-d9174 for permissions ["cloudfunctions.functions.create","cloudfunctions.functions.delete","cloudfunctions.functions.get","cloudfunctions.functions.list","cloudfunctions.functions.update","cloudfunctions.operations.get","firebase.projects.get"]
[debug] [2024-10-03T22:37:50.410Z] >>> [apiv2][query] POST https://cloudresourcemanager.googleapis.com/v1/projects/chatbot-d9174:testIamPermissions [none]
[debug] [2024-10-03T22:37:50.411Z] >>> [apiv2][(partial)header] POST https://cloudresourcemanager.googleapis.com/v1/projects/chatbot-d9174:testIamPermissions x-goog-quota-user=projects/chatbot-d9174
[debug] [2024-10-03T22:37:50.411Z] >>> [apiv2][body] POST https://cloudresourcemanager.googleapis.com/v1/projects/chatbot-d9174:testIamPermissions {"permissions":["cloudfunctions.functions.create","cloudfunctions.functions.delete","cloudfunctions.functions.get","cloudfunctions.functions.list","cloudfunctions.functions.update","cloudfunctions.operations.get","firebase.projects.get"]}
[debug] [2024-10-03T22:37:51.003Z] <<< [apiv2][status] POST https://cloudresourcemanager.googleapis.com/v1/projects/chatbot-d9174:testIamPermissions 200
[debug] [2024-10-03T22:37:51.004Z] <<< [apiv2][body] POST https://cloudresourcemanager.googleapis.com/v1/projects/chatbot-d9174:testIamPermissions {"permissions":["cloudfunctions.functions.create","cloudfunctions.functions.delete","cloudfunctions.functions.get","cloudfunctions.functions.list","cloudfunctions.functions.update","cloudfunctions.operations.get","firebase.projects.get"]}
[debug] [2024-10-03T22:37:51.005Z] >>> [apiv2][query] POST https://iam.googleapis.com/v1/projects/chatbot-d9174/serviceAccounts/chatbot-d9174@appspot.gserviceaccount.com:testIamPermissions [none]
[debug] [2024-10-03T22:37:51.005Z] >>> [apiv2][body] POST https://iam.googleapis.com/v1/projects/chatbot-d9174/serviceAccounts/chatbot-d9174@appspot.gserviceaccount.com:testIamPermissions {"permissions":["iam.serviceAccounts.actAs"]}
[debug] [2024-10-03T22:37:51.489Z] <<< [apiv2][status] POST https://iam.googleapis.com/v1/projects/chatbot-d9174/serviceAccounts/chatbot-d9174@appspot.gserviceaccount.com:testIamPermissions 200
[debug] [2024-10-03T22:37:51.490Z] <<< [apiv2][body] POST https://iam.googleapis.com/v1/projects/chatbot-d9174/serviceAccounts/chatbot-d9174@appspot.gserviceaccount.com:testIamPermissions {"permissions":["iam.serviceAccounts.actAs"]}
[info] 
[info] === Deploying to 'chatbot-d9174'...
[info] 
[info] i  deploying functions 
[debug] [2024-10-03T22:37:51.498Z] >>> [apiv2][query] GET https://firebase.googleapis.com/v1beta1/projects/chatbot-d9174 [none]
[debug] [2024-10-03T22:37:51.926Z] <<< [apiv2][status] GET https://firebase.googleapis.com/v1beta1/projects/chatbot-d9174 200
[debug] [2024-10-03T22:37:51.926Z] <<< [apiv2][body] GET https://firebase.googleapis.com/v1beta1/projects/chatbot-d9174 {"projectId":"chatbot-d9174","projectNumber":"278828509732","displayName":"chatbot","name":"projects/chatbot-d9174","resources":{"hostingSite":"chatbot-d9174","storageBucket":"chatbot-d9174.appspot.com","locationId":"us-central"},"state":"ACTIVE","etag":"1_7c0fe2bb-6cf4-4339-a6ea-baefeadf3b15"}
[info] i  functions: preparing codebase default for deployment 
[info] i  functions: ensuring required API cloudfunctions.googleapis.com is enabled... 
[info] i  functions: ensuring required API cloudbuild.googleapis.com is enabled... 
[info] i  artifactregistry: ensuring required API artifactregistry.googleapis.com is enabled... 
[debug] [2024-10-03T22:37:51.932Z] >>> [apiv2][query] GET https://serviceusage.googleapis.com/v1/projects/chatbot-d9174/services/cloudfunctions.googleapis.com [none]
[debug] [2024-10-03T22:37:51.932Z] >>> [apiv2][(partial)header] GET https://serviceusage.googleapis.com/v1/projects/chatbot-d9174/services/cloudfunctions.googleapis.com x-goog-quota-user=projects/chatbot-d9174
[debug] [2024-10-03T22:37:51.935Z] >>> [apiv2][query] GET https://serviceusage.googleapis.com/v1/projects/chatbot-d9174/services/runtimeconfig.googleapis.com [none]
[debug] [2024-10-03T22:37:51.935Z] >>> [apiv2][(partial)header] GET https://serviceusage.googleapis.com/v1/projects/chatbot-d9174/services/runtimeconfig.googleapis.com x-goog-quota-user=projects/chatbot-d9174
[debug] [2024-10-03T22:37:51.938Z] >>> [apiv2][query] GET https://serviceusage.googleapis.com/v1/projects/chatbot-d9174/services/cloudbuild.googleapis.com [none]
[debug] [2024-10-03T22:37:51.939Z] >>> [apiv2][(partial)header] GET https://serviceusage.googleapis.com/v1/projects/chatbot-d9174/services/cloudbuild.googleapis.com x-goog-quota-user=projects/chatbot-d9174
[debug] [2024-10-03T22:37:51.941Z] >>> [apiv2][query] GET https://serviceusage.googleapis.com/v1/projects/chatbot-d9174/services/artifactregistry.googleapis.com [none]
[debug] [2024-10-03T22:37:51.941Z] >>> [apiv2][(partial)header] GET https://serviceusage.googleapis.com/v1/projects/chatbot-d9174/services/artifactregistry.googleapis.com x-goog-quota-user=projects/chatbot-d9174
[debug] [2024-10-03T22:37:52.455Z] <<< [apiv2][status] GET https://serviceusage.googleapis.com/v1/projects/chatbot-d9174/services/cloudbuild.googleapis.com 200
[debug] [2024-10-03T22:37:52.456Z] <<< [apiv2][body] GET https://serviceusage.googleapis.com/v1/projects/chatbot-d9174/services/cloudbuild.googleapis.com [omitted]
[info] +  functions: required API cloudbuild.googleapis.com is enabled 
[debug] [2024-10-03T22:37:52.461Z] <<< [apiv2][status] GET https://serviceusage.googleapis.com/v1/projects/chatbot-d9174/services/runtimeconfig.googleapis.com 200
[debug] [2024-10-03T22:37:52.461Z] <<< [apiv2][body] GET https://serviceusage.googleapis.com/v1/projects/chatbot-d9174/services/runtimeconfig.googleapis.com [omitted]
[debug] [2024-10-03T22:37:52.464Z] <<< [apiv2][status] GET https://serviceusage.googleapis.com/v1/projects/chatbot-d9174/services/cloudfunctions.googleapis.com 200
[debug] [2024-10-03T22:37:52.464Z] <<< [apiv2][body] GET https://serviceusage.googleapis.com/v1/projects/chatbot-d9174/services/cloudfunctions.googleapis.com [omitted]
[info] +  functions: required API cloudfunctions.googleapis.com is enabled 
[debug] [2024-10-03T22:37:52.489Z] <<< [apiv2][status] GET https://serviceusage.googleapis.com/v1/projects/chatbot-d9174/services/artifactregistry.googleapis.com 200
[debug] [2024-10-03T22:37:52.489Z] <<< [apiv2][body] GET https://serviceusage.googleapis.com/v1/projects/chatbot-d9174/services/artifactregistry.googleapis.com [omitted]
[info] +  artifactregistry: required API artifactregistry.googleapis.com is enabled 
[debug] [2024-10-03T22:37:52.490Z] >>> [apiv2][query] GET https://firebase.googleapis.com/v1beta1/projects/chatbot-d9174/adminSdkConfig [none]
[debug] [2024-10-03T22:37:52.883Z] <<< [apiv2][status] GET https://firebase.googleapis.com/v1beta1/projects/chatbot-d9174/adminSdkConfig 200
[debug] [2024-10-03T22:37:52.883Z] <<< [apiv2][body] GET https://firebase.googleapis.com/v1beta1/projects/chatbot-d9174/adminSdkConfig {"projectId":"chatbot-d9174","storageBucket":"chatbot-d9174.appspot.com","locationId":"us-central"}
[debug] [2024-10-03T22:37:52.884Z] >>> [apiv2][query] GET https://runtimeconfig.googleapis.com/v1beta1/projects/chatbot-d9174/configs [none]
[debug] [2024-10-03T22:37:53.199Z] <<< [apiv2][status] GET https://runtimeconfig.googleapis.com/v1beta1/projects/chatbot-d9174/configs 200
[debug] [2024-10-03T22:37:53.199Z] <<< [apiv2][body] GET https://runtimeconfig.googleapis.com/v1beta1/projects/chatbot-d9174/configs {}
[debug] [2024-10-03T22:37:53.203Z] Validating nodejs source
[warn] !  functions: package.json indicates an outdated version of firebase-functions. Please upgrade using npm install --save firebase-functions@latest in your functions directory. 
[warn] !  functions: Please note that there will be breaking changes when you upgrade. 
[debug] [2024-10-03T22:37:55.909Z] > [functions] package.json contents: {
  "name": "functions",
  "description": "Cloud Functions for Firebase",
  "scripts": {
    "serve": "firebase emulators:start --only functions",
    "shell": "firebase functions:shell",
    "start": "npm run shell",
    "deploy": "firebase deploy --only functions",
    "logs": "firebase functions:log"
  },
  "engines": {
    "node": "18"
  },
  "main": "index.js",
  "dependencies": {
    "dialogflow-fulfillment": "^0.6.1",
    "firebase-admin": "^12.1.0",
    "firebase-functions": "^5.0.0"
  },
  "devDependencies": {
    "firebase-functions-test": "^3.1.0"
  },
  "private": true
}
[debug] [2024-10-03T22:37:55.909Z] Building nodejs source
[info] i  functions: Loading and analyzing source code for codebase default to determine what to deploy 
[debug] [2024-10-03T22:37:55.914Z] Could not find functions.yaml. Must use http discovery
[debug] [2024-10-03T22:37:55.945Z] Found firebase-functions binary at 'C:\Users\Wendy\Desktop\chatbot-app\functions\node_modules\.bin\firebase-functions'
[info] Serving at port 8724

[debug] [2024-10-03T22:37:59.618Z] Got response from /__/functions.yaml {"endpoints":{"chatbot":{"platform":"gcfv1","availableMemoryMb":null,"timeoutSeconds":null,"minInstances":null,"maxInstances":null,"ingressSettings":null,"serviceAccountEmail":null,"vpc":null,"httpsTrigger":{},"entryPoint":"chatbot"}},"specVersion":"v1alpha1","requiredAPIs":[],"extensions":{}}
[info] i  functions: preparing functions directory for uploading... 
[info] i  functions: packaged C:\Users\Wendy\Desktop\chatbot-app\functions (69.24 KB) for uploading 
[debug] [2024-10-03T22:37:59.806Z] >>> [apiv2][query] GET https://cloudfunctions.googleapis.com/v1/projects/chatbot-d9174/locations/-/functions [none]
[debug] [2024-10-03T22:38:00.513Z] <<< [apiv2][status] GET https://cloudfunctions.googleapis.com/v1/projects/chatbot-d9174/locations/-/functions 200
[debug] [2024-10-03T22:38:00.514Z] <<< [apiv2][body] GET https://cloudfunctions.googleapis.com/v1/projects/chatbot-d9174/locations/-/functions {"functions":[{"name":"projects/chatbot-d9174/locations/us-central1/functions/chatbot","httpsTrigger":{"url":"https://us-central1-chatbot-d9174.cloudfunctions.net/chatbot","securityLevel":"SECURE_ALWAYS"},"status":"ACTIVE","entryPoint":"chatbot","timeout":"60s","availableMemoryMb":256,"serviceAccountEmail":"chatbot-d9174@appspot.gserviceaccount.com","updateTime":"2024-10-03T22:26:49.313Z","versionId":"54","labels":{"deployment-tool":"cli-firebase","firebase-functions-hash":"1123fa406529ac681ebce79cf71291906a316da0"},"sourceUploadUrl":"https://storage.googleapis.com/uploads-347099616733.us-central1.cloudfunctions.appspot.com/c17fb341-057c-4766-b326-b1aaf37af11a.zip","environmentVariables":{"FIREBASE_CONFIG":"{\"projectId\":\"chatbot-d9174\",\"storageBucket\":\"chatbot-d9174.appspot.com\",\"locationId\":\"us-central\"}","GCLOUD_PROJECT":"chatbot-d9174","EVENTARC_CLOUD_EVENT_SOURCE":"projects/chatbot-d9174/locations/us-central1/functions/chatbot"},"runtime":"nodejs18","ingressSettings":"ALLOW_ALL","buildId":"8f2254f4-4e42-4f09-975b-40c9c86142f9","buildEnvironmentVariables":{"GOOGLE_NODE_RUN_SCRIPTS":""},"buildName":"projects/278828509732/locations/us-central1/builds/8f2254f4-4e42-4f09-975b-40c9c86142f9","dockerRegistry":"ARTIFACT_REGISTRY","automaticUpdatePolicy":{},"buildServiceAccount":"projects/chatbot-d9174/serviceAccounts/278828509732-compute@developer.gserviceaccount.com"}]}
[debug] [2024-10-03T22:38:00.517Z] >>> [apiv2][query] GET https://cloudfunctions.googleapis.com/v2/projects/chatbot-d9174/locations/-/functions filter=environment%3D%22GEN_2%22
[debug] [2024-10-03T22:38:01.106Z] <<< [apiv2][status] GET https://cloudfunctions.googleapis.com/v2/projects/chatbot-d9174/locations/-/functions 200
[debug] [2024-10-03T22:38:01.106Z] <<< [apiv2][body] GET https://cloudfunctions.googleapis.com/v2/projects/chatbot-d9174/locations/-/functions {}
[debug] [2024-10-03T22:38:01.113Z] >>> [apiv2][query] GET https://firebase.googleapis.com/v1beta1/projects/chatbot-d9174 [none]
[debug] [2024-10-03T22:38:01.488Z] <<< [apiv2][status] GET https://firebase.googleapis.com/v1beta1/projects/chatbot-d9174 200
[debug] [2024-10-03T22:38:01.489Z] <<< [apiv2][body] GET https://firebase.googleapis.com/v1beta1/projects/chatbot-d9174 {"projectId":"chatbot-d9174","projectNumber":"278828509732","displayName":"chatbot","name":"projects/chatbot-d9174","resources":{"hostingSite":"chatbot-d9174","storageBucket":"chatbot-d9174.appspot.com","locationId":"us-central"},"state":"ACTIVE","etag":"1_7c0fe2bb-6cf4-4339-a6ea-baefeadf3b15"}
[debug] [2024-10-03T22:38:01.491Z] >>> [apiv2][query] POST https://cloudfunctions.googleapis.com/v1/projects/chatbot-d9174/locations/us-central1/functions:generateUploadUrl [none]
[debug] [2024-10-03T22:38:01.492Z] >>> [apiv2][body] POST https://cloudfunctions.googleapis.com/v1/projects/chatbot-d9174/locations/us-central1/functions:generateUploadUrl {}
[debug] [2024-10-03T22:38:02.151Z] <<< [apiv2][status] POST https://cloudfunctions.googleapis.com/v1/projects/chatbot-d9174/locations/us-central1/functions:generateUploadUrl 200
[debug] [2024-10-03T22:38:02.151Z] <<< [apiv2][body] POST https://cloudfunctions.googleapis.com/v1/projects/chatbot-d9174/locations/us-central1/functions:generateUploadUrl {"uploadUrl":"https://storage.googleapis.com/uploads-347099616733.us-central1.cloudfunctions.appspot.com/2548c079-8d24-474e-8150-d175addbf0bb.zip?GoogleAccessId=service-278828509732@gcf-admin-robot.iam.gserviceaccount.com&Expires=1727996881&Signature=jSQ%2FUh9SfkRXu74n4vFPF6DYLnGmiyWVNQkQSTEZhPjD2aZ1Og6d8tSpf8g%2Fpv24k1xsG4NcsEWduCbTjwDbMGUj6FDYgeQh7CF59XLnftsTLmLB7vnS93btwAAu6Mr1fnshT5sv250yjO438ARDGCetkPm%2Bdk%2BboQMhPjA%2BmKPFY2jghjAdbocTKXp%2FDMx%2Bt0LvFw5cNBnYvvoPTI2tdifdU81epIQop1I2ELfowJqRFOfu7OJYee%2Bpm1Dh%2FXNqw1cj%2BVfHbovwnVGQqhQmcnxKgXV95k4kRM8mBOrUs0D27%2B6YaYAYQtxO5CXvJQ63%2Fx0N36o4ey2fDEVB7BNfAQ%3D%3D"}
[debug] [2024-10-03T22:38:02.154Z] >>> [apiv2][query] PUT https://storage.googleapis.com/uploads-347099616733.us-central1.cloudfunctions.appspot.com/2548c079-8d24-474e-8150-d175addbf0bb.zip GoogleAccessId=service-278828509732%40gcf-admin-robot.iam.gserviceaccount.com&Expires=1727996881&Signature=jSQ%2FUh9SfkRXu74n4vFPF6DYLnGmiyWVNQkQSTEZhPjD2aZ1Og6d8tSpf8g%2Fpv24k1xsG4NcsEWduCbTjwDbMGUj6FDYgeQh7CF59XLnftsTLmLB7vnS93btwAAu6Mr1fnshT5sv250yjO438ARDGCetkPm%2Bdk%2BboQMhPjA%2BmKPFY2jghjAdbocTKXp%2FDMx%2Bt0LvFw5cNBnYvvoPTI2tdifdU81epIQop1I2ELfowJqRFOfu7OJYee%2Bpm1Dh%2FXNqw1cj%2BVfHbovwnVGQqhQmcnxKgXV95k4kRM8mBOrUs0D27%2B6YaYAYQtxO5CXvJQ63%2Fx0N36o4ey2fDEVB7BNfAQ%3D%3D
[debug] [2024-10-03T22:38:02.154Z] >>> [apiv2][body] PUT https://storage.googleapis.com/uploads-347099616733.us-central1.cloudfunctions.appspot.com/2548c079-8d24-474e-8150-d175addbf0bb.zip [stream]
[debug] [2024-10-03T22:38:02.794Z] <<< [apiv2][status] PUT https://storage.googleapis.com/uploads-347099616733.us-central1.cloudfunctions.appspot.com/2548c079-8d24-474e-8150-d175addbf0bb.zip 200
[debug] [2024-10-03T22:38:02.794Z] <<< [apiv2][body] PUT https://storage.googleapis.com/uploads-347099616733.us-central1.cloudfunctions.appspot.com/2548c079-8d24-474e-8150-d175addbf0bb.zip [omitted]
[info] +  functions: functions folder uploaded successfully 
[info] i  functions: updating Node.js 18 (1st Gen) function chatbot(us-central1)... 
[debug] [2024-10-03T22:38:02.805Z] >>> [apiv2][query] PATCH https://cloudfunctions.googleapis.com/v1/projects/chatbot-d9174/locations/us-central1/functions/chatbot updateMask=name%2CsourceUploadUrl%2CentryPoint%2Cruntime%2CdockerRegistry%2Clabels%2ChttpsTrigger.securityLevel%2CminInstances%2CmaxInstances%2CingressSettings%2CenvironmentVariables%2CserviceAccountEmail%2CavailableMemoryMb%2Ctimeout%2CvpcConnector%2CvpcConnectorEgressSettings%2CsourceToken%2CbuildEnvironmentVariables
[debug] [2024-10-03T22:38:02.806Z] >>> [apiv2][body] PATCH https://cloudfunctions.googleapis.com/v1/projects/chatbot-d9174/locations/us-central1/functions/chatbot {"name":"projects/chatbot-d9174/locations/us-central1/functions/chatbot","sourceUploadUrl":"https://storage.googleapis.com/uploads-347099616733.us-central1.cloudfunctions.appspot.com/2548c079-8d24-474e-8150-d175addbf0bb.zip?GoogleAccessId=service-278828509732@gcf-admin-robot.iam.gserviceaccount.com&Expires=1727996881&Signature=jSQ%2FUh9SfkRXu74n4vFPF6DYLnGmiyWVNQkQSTEZhPjD2aZ1Og6d8tSpf8g%2Fpv24k1xsG4NcsEWduCbTjwDbMGUj6FDYgeQh7CF59XLnftsTLmLB7vnS93btwAAu6Mr1fnshT5sv250yjO438ARDGCetkPm%2Bdk%2BboQMhPjA%2BmKPFY2jghjAdbocTKXp%2FDMx%2Bt0LvFw5cNBnYvvoPTI2tdifdU81epIQop1I2ELfowJqRFOfu7OJYee%2Bpm1Dh%2FXNqw1cj%2BVfHbovwnVGQqhQmcnxKgXV95k4kRM8mBOrUs0D27%2B6YaYAYQtxO5CXvJQ63%2Fx0N36o4ey2fDEVB7BNfAQ%3D%3D","entryPoint":"chatbot","runtime":"nodejs18","dockerRegistry":"ARTIFACT_REGISTRY","labels":{"deployment-tool":"cli-firebase","firebase-functions-hash":"93ce2f942819c33146ca8bdf744c6e0942f60f66"},"httpsTrigger":{"securityLevel":"SECURE_ALWAYS"},"minInstances":null,"maxInstances":null,"ingressSettings":null,"environmentVariables":{"FIREBASE_CONFIG":"{\"projectId\":\"chatbot-d9174\",\"storageBucket\":\"chatbot-d9174.appspot.com\",\"locationId\":\"us-central\"}","GCLOUD_PROJECT":"chatbot-d9174","EVENTARC_CLOUD_EVENT_SOURCE":"projects/chatbot-d9174/locations/us-central1/functions/chatbot"},"serviceAccountEmail":null,"availableMemoryMb":null,"timeout":null,"vpcConnector":null,"vpcConnectorEgressSettings":null,"buildEnvironmentVariables":{"GOOGLE_NODE_RUN_SCRIPTS":""}}
[debug] [2024-10-03T22:38:03.324Z] <<< [apiv2][status] PATCH https://cloudfunctions.googleapis.com/v1/projects/chatbot-d9174/locations/us-central1/functions/chatbot 200
[debug] [2024-10-03T22:38:03.324Z] <<< [apiv2][body] PATCH https://cloudfunctions.googleapis.com/v1/projects/chatbot-d9174/locations/us-central1/functions/chatbot {"name":"operations/Y2hhdGJvdC1kOTE3NC91cy1jZW50cmFsMS9jaGF0Ym90L25Jc3d4V0N6VENV","metadata":{"@type":"type.googleapis.com/google.cloud.functions.v1.OperationMetadataV1","target":"projects/chatbot-d9174/locations/us-central1/functions/chatbot","type":"UPDATE_FUNCTION","request":{"@type":"type.googleapis.com/google.cloud.functions.v1.CloudFunction","name":"projects/chatbot-d9174/locations/us-central1/functions/chatbot","httpsTrigger":{"url":"https://us-central1-chatbot-d9174.cloudfunctions.net/chatbot","securityLevel":"SECURE_ALWAYS"},"status":"ACTIVE","entryPoint":"chatbot","updateTime":"2024-10-03T22:26:49.313Z","versionId":"54","labels":{"deployment-tool":"cli-firebase","firebase-functions-hash":"93ce2f942819c33146ca8bdf744c6e0942f60f66"},"sourceUploadUrl":"https://storage.googleapis.com/uploads-347099616733.us-central1.cloudfunctions.appspot.com/2548c079-8d24-474e-8150-d175addbf0bb.zip?GoogleAccessId=service-278828509732@gcf-admin-robot.iam.gserviceaccount.com&Expires=1727996881&Signature=jSQ%2FUh9SfkRXu74n4vFPF6DYLnGmiyWVNQkQSTEZhPjD2aZ1Og6d8tSpf8g%2Fpv24k1xsG4NcsEWduCbTjwDbMGUj6FDYgeQh7CF59XLnftsTLmLB7vnS93btwAAu6Mr1fnshT5sv250yjO438ARDGCetkPm%2Bdk%2BboQMhPjA%2BmKPFY2jghjAdbocTKXp%2FDMx%2Bt0LvFw5cNBnYvvoPTI2tdifdU81epIQop1I2ELfowJqRFOfu7OJYee%2Bpm1Dh%2FXNqw1cj%2BVfHbovwnVGQqhQmcnxKgXV95k4kRM8mBOrUs0D27%2B6YaYAYQtxO5CXvJQ63%2Fx0N36o4ey2fDEVB7BNfAQ%3D%3D","environmentVariables":{"FIREBASE_CONFIG":"{\"projectId\":\"chatbot-d9174\",\"storageBucket\":\"chatbot-d9174.appspot.com\",\"locationId\":\"us-central\"}","GCLOUD_PROJECT":"chatbot-d9174","EVENTARC_CLOUD_EVENT_SOURCE":"projects/chatbot-d9174/locations/us-central1/functions/chatbot"},"runtime":"nodejs18","buildId":"8f2254f4-4e42-4f09-975b-40c9c86142f9","buildEnvironmentVariables":{"GOOGLE_NODE_RUN_SCRIPTS":""},"buildName":"projects/278828509732/locations/us-central1/builds/8f2254f4-4e42-4f09-975b-40c9c86142f9","dockerRegistry":"ARTIFACT_REGISTRY","automaticUpdatePolicy":{},"buildServiceAccount":"projects/chatbot-d9174/serviceAccounts/278828509732-compute@developer.gserviceaccount.com"},"versionId":"55","updateTime":"2024-10-03T22:38:03Z"}}
[debug] [2024-10-03T22:38:03.326Z] >>> [apiv2][query] GET https://cloudfunctions.googleapis.com/v1/operations/Y2hhdGJvdC1kOTE3NC91cy1jZW50cmFsMS9jaGF0Ym90L25Jc3d4V0N6VENV [none]
[debug] [2024-10-03T22:38:03.601Z] <<< [apiv2][status] GET https://cloudfunctions.googleapis.com/v1/operations/Y2hhdGJvdC1kOTE3NC91cy1jZW50cmFsMS9jaGF0Ym90L25Jc3d4V0N6VENV 200
[debug] [2024-10-03T22:38:03.601Z] <<< [apiv2][body] GET https://cloudfunctions.googleapis.com/v1/operations/Y2hhdGJvdC1kOTE3NC91cy1jZW50cmFsMS9jaGF0Ym90L25Jc3d4V0N6VENV {"name":"operations/Y2hhdGJvdC1kOTE3NC91cy1jZW50cmFsMS9jaGF0Ym90L25Jc3d4V0N6VENV","metadata":{"@type":"type.googleapis.com/google.cloud.functions.v1.OperationMetadataV1","target":"projects/chatbot-d9174/locations/us-central1/functions/chatbot","type":"UPDATE_FUNCTION","request":{"@type":"type.googleapis.com/google.cloud.functions.v1.CloudFunction","name":"projects/chatbot-d9174/locations/us-central1/functions/chatbot","httpsTrigger":{"url":"https://us-central1-chatbot-d9174.cloudfunctions.net/chatbot","securityLevel":"SECURE_ALWAYS"},"status":"ACTIVE","entryPoint":"chatbot","updateTime":"2024-10-03T22:26:49.313Z","versionId":"54","labels":{"deployment-tool":"cli-firebase","firebase-functions-hash":"93ce2f942819c33146ca8bdf744c6e0942f60f66"},"sourceUploadUrl":"https://storage.googleapis.com/uploads-347099616733.us-central1.cloudfunctions.appspot.com/2548c079-8d24-474e-8150-d175addbf0bb.zip?GoogleAccessId=service-278828509732@gcf-admin-robot.iam.gserviceaccount.com&Expires=1727996881&Signature=jSQ%2FUh9SfkRXu74n4vFPF6DYLnGmiyWVNQkQSTEZhPjD2aZ1Og6d8tSpf8g%2Fpv24k1xsG4NcsEWduCbTjwDbMGUj6FDYgeQh7CF59XLnftsTLmLB7vnS93btwAAu6Mr1fnshT5sv250yjO438ARDGCetkPm%2Bdk%2BboQMhPjA%2BmKPFY2jghjAdbocTKXp%2FDMx%2Bt0LvFw5cNBnYvvoPTI2tdifdU81epIQop1I2ELfowJqRFOfu7OJYee%2Bpm1Dh%2FXNqw1cj%2BVfHbovwnVGQqhQmcnxKgXV95k4kRM8mBOrUs0D27%2B6YaYAYQtxO5CXvJQ63%2Fx0N36o4ey2fDEVB7BNfAQ%3D%3D","environmentVariables":{"FIREBASE_CONFIG":"{\"projectId\":\"chatbot-d9174\",\"storageBucket\":\"chatbot-d9174.appspot.com\",\"locationId\":\"us-central\"}","GCLOUD_PROJECT":"chatbot-d9174","EVENTARC_CLOUD_EVENT_SOURCE":"projects/chatbot-d9174/locations/us-central1/functions/chatbot"},"runtime":"nodejs18","buildId":"8f2254f4-4e42-4f09-975b-40c9c86142f9","buildEnvironmentVariables":{"GOOGLE_NODE_RUN_SCRIPTS":""},"buildName":"projects/278828509732/locations/us-central1/builds/8f2254f4-4e42-4f09-975b-40c9c86142f9","dockerRegistry":"ARTIFACT_REGISTRY","automaticUpdatePolicy":{},"buildServiceAccount":"projects/chatbot-d9174/serviceAccounts/278828509732-compute@developer.gserviceaccount.com"},"versionId":"55","updateTime":"2024-10-03T22:38:03Z"}}
[debug] [2024-10-03T22:38:04.103Z] [update-default-us-central1-chatbot] Retrying task index 0
[debug] [2024-10-03T22:38:04.104Z] >>> [apiv2][query] GET https://cloudfunctions.googleapis.com/v1/operations/Y2hhdGJvdC1kOTE3NC91cy1jZW50cmFsMS9jaGF0Ym90L25Jc3d4V0N6VENV [none]
[debug] [2024-10-03T22:38:04.340Z] <<< [apiv2][status] GET https://cloudfunctions.googleapis.com/v1/operations/Y2hhdGJvdC1kOTE3NC91cy1jZW50cmFsMS9jaGF0Ym90L25Jc3d4V0N6VENV 200
[debug] [2024-10-03T22:38:04.340Z] <<< [apiv2][body] GET https://cloudfunctions.googleapis.com/v1/operations/Y2hhdGJvdC1kOTE3NC91cy1jZW50cmFsMS9jaGF0Ym90L25Jc3d4V0N6VENV {"name":"operations/Y2hhdGJvdC1kOTE3NC91cy1jZW50cmFsMS9jaGF0Ym90L25Jc3d4V0N6VENV","metadata":{"@type":"type.googleapis.com/google.cloud.functions.v1.OperationMetadataV1","target":"projects/chatbot-d9174/locations/us-central1/functions/chatbot","type":"UPDATE_FUNCTION","request":{"@type":"type.googleapis.com/google.cloud.functions.v1.CloudFunction","name":"projects/chatbot-d9174/locations/us-central1/functions/chatbot","httpsTrigger":{"url":"https://us-central1-chatbot-d9174.cloudfunctions.net/chatbot","securityLevel":"SECURE_ALWAYS"},"status":"ACTIVE","entryPoint":"chatbot","updateTime":"2024-10-03T22:26:49.313Z","versionId":"54","labels":{"deployment-tool":"cli-firebase","firebase-functions-hash":"93ce2f942819c33146ca8bdf744c6e0942f60f66"},"sourceUploadUrl":"https://storage.googleapis.com/uploads-347099616733.us-central1.cloudfunctions.appspot.com/2548c079-8d24-474e-8150-d175addbf0bb.zip?GoogleAccessId=service-278828509732@gcf-admin-robot.iam.gserviceaccount.com&Expires=1727996881&Signature=jSQ%2FUh9SfkRXu74n4vFPF6DYLnGmiyWVNQkQSTEZhPjD2aZ1Og6d8tSpf8g%2Fpv24k1xsG4NcsEWduCbTjwDbMGUj6FDYgeQh7CF59XLnftsTLmLB7vnS93btwAAu6Mr1fnshT5sv250yjO438ARDGCetkPm%2Bdk%2BboQMhPjA%2BmKPFY2jghjAdbocTKXp%2FDMx%2Bt0LvFw5cNBnYvvoPTI2tdifdU81epIQop1I2ELfowJqRFOfu7OJYee%2Bpm1Dh%2FXNqw1cj%2BVfHbovwnVGQqhQmcnxKgXV95k4kRM8mBOrUs0D27%2B6YaYAYQtxO5CXvJQ63%2Fx0N36o4ey2fDEVB7BNfAQ%3D%3D","environmentVariables":{"FIREBASE_CONFIG":"{\"projectId\":\"chatbot-d9174\",\"storageBucket\":\"chatbot-d9174.appspot.com\",\"locationId\":\"us-central\"}","GCLOUD_PROJECT":"chatbot-d9174","EVENTARC_CLOUD_EVENT_SOURCE":"projects/chatbot-d9174/locations/us-central1/functions/chatbot"},"runtime":"nodejs18","buildId":"8f2254f4-4e42-4f09-975b-40c9c86142f9","buildEnvironmentVariables":{"GOOGLE_NODE_RUN_SCRIPTS":""},"buildName":"projects/278828509732/locations/us-central1/builds/8f2254f4-4e42-4f09-975b-40c9c86142f9","dockerRegistry":"ARTIFACT_REGISTRY","automaticUpdatePolicy":{},"buildServiceAccount":"projects/chatbot-d9174/serviceAccounts/278828509732-compute@developer.gserviceaccount.com"},"versionId":"55","updateTime":"2024-10-03T22:38:03Z","buildId":"b7d080a6-8d1f-4026-9b61-ffbdd30681d4","buildName":"projects/278828509732/locations/us-central1/builds/b7d080a6-8d1f-4026-9b61-ffbdd30681d4"}}
[debug] [2024-10-03T22:38:05.343Z] [update-default-us-central1-chatbot] Retrying task index 0
[debug] [2024-10-03T22:38:05.344Z] >>> [apiv2][query] GET https://cloudfunctions.googleapis.com/v1/operations/Y2hhdGJvdC1kOTE3NC91cy1jZW50cmFsMS9jaGF0Ym90L25Jc3d4V0N6VENV [none]
[debug] [2024-10-03T22:38:05.590Z] <<< [apiv2][status] GET https://cloudfunctions.googleapis.com/v1/operations/Y2hhdGJvdC1kOTE3NC91cy1jZW50cmFsMS9jaGF0Ym90L25Jc3d4V0N6VENV 200
[debug] [2024-10-03T22:38:05.590Z] <<< [apiv2][body] GET https://cloudfunctions.googleapis.com/v1/operations/Y2hhdGJvdC1kOTE3NC91cy1jZW50cmFsMS9jaGF0Ym90L25Jc3d4V0N6VENV {"name":"operations/Y2hhdGJvdC1kOTE3NC91cy1jZW50cmFsMS9jaGF0Ym90L25Jc3d4V0N6VENV","metadata":{"@type":"type.googleapis.com/google.cloud.functions.v1.OperationMetadataV1","target":"projects/chatbot-d9174/locations/us-central1/functions/chatbot","type":"UPDATE_FUNCTION","request":{"@type":"type.googleapis.com/google.cloud.functions.v1.CloudFunction","name":"projects/chatbot-d9174/locations/us-central1/functions/chatbot","httpsTrigger":{"url":"https://us-central1-chatbot-d9174.cloudfunctions.net/chatbot","securityLevel":"SECURE_ALWAYS"},"status":"ACTIVE","entryPoint":"chatbot","updateTime":"2024-10-03T22:26:49.313Z","versionId":"54","labels":{"deployment-tool":"cli-firebase","firebase-functions-hash":"93ce2f942819c33146ca8bdf744c6e0942f60f66"},"sourceUploadUrl":"https://storage.googleapis.com/uploads-347099616733.us-central1.cloudfunctions.appspot.com/2548c079-8d24-474e-8150-d175addbf0bb.zip?GoogleAccessId=service-278828509732@gcf-admin-robot.iam.gserviceaccount.com&Expires=1727996881&Signature=jSQ%2FUh9SfkRXu74n4vFPF6DYLnGmiyWVNQkQSTEZhPjD2aZ1Og6d8tSpf8g%2Fpv24k1xsG4NcsEWduCbTjwDbMGUj6FDYgeQh7CF59XLnftsTLmLB7vnS93btwAAu6Mr1fnshT5sv250yjO438ARDGCetkPm%2Bdk%2BboQMhPjA%2BmKPFY2jghjAdbocTKXp%2FDMx%2Bt0LvFw5cNBnYvvoPTI2tdifdU81epIQop1I2ELfowJqRFOfu7OJYee%2Bpm1Dh%2FXNqw1cj%2BVfHbovwnVGQqhQmcnxKgXV95k4kRM8mBOrUs0D27%2B6YaYAYQtxO5CXvJQ63%2Fx0N36o4ey2fDEVB7BNfAQ%3D%3D","environmentVariables":{"FIREBASE_CONFIG":"{\"projectId\":\"chatbot-d9174\",\"storageBucket\":\"chatbot-d9174.appspot.com\",\"locationId\":\"us-central\"}","GCLOUD_PROJECT":"chatbot-d9174","EVENTARC_CLOUD_EVENT_SOURCE":"projects/chatbot-d9174/locations/us-central1/functions/chatbot"},"runtime":"nodejs18","buildId":"8f2254f4-4e42-4f09-975b-40c9c86142f9","buildEnvironmentVariables":{"GOOGLE_NODE_RUN_SCRIPTS":""},"buildName":"projects/278828509732/locations/us-central1/builds/8f2254f4-4e42-4f09-975b-40c9c86142f9","dockerRegistry":"ARTIFACT_REGISTRY","automaticUpdatePolicy":{},"buildServiceAccount":"projects/chatbot-d9174/serviceAccounts/278828509732-compute@developer.gserviceaccount.com"},"versionId":"55","updateTime":"2024-10-03T22:38:03Z","buildId":"b7d080a6-8d1f-4026-9b61-ffbdd30681d4","buildName":"projects/278828509732/locations/us-central1/builds/b7d080a6-8d1f-4026-9b61-ffbdd30681d4"}}
[debug] [2024-10-03T22:38:07.594Z] [update-default-us-central1-chatbot] Retrying task index 0
[debug] [2024-10-03T22:38:07.594Z] >>> [apiv2][query] GET https://cloudfunctions.googleapis.com/v1/operations/Y2hhdGJvdC1kOTE3NC91cy1jZW50cmFsMS9jaGF0Ym90L25Jc3d4V0N6VENV [none]
[debug] [2024-10-03T22:38:07.815Z] <<< [apiv2][status] GET https://cloudfunctions.googleapis.com/v1/operations/Y2hhdGJvdC1kOTE3NC91cy1jZW50cmFsMS9jaGF0Ym90L25Jc3d4V0N6VENV 200
[debug] [2024-10-03T22:38:07.815Z] <<< [apiv2][body] GET https://cloudfunctions.googleapis.com/v1/operations/Y2hhdGJvdC1kOTE3NC91cy1jZW50cmFsMS9jaGF0Ym90L25Jc3d4V0N6VENV {"name":"operations/Y2hhdGJvdC1kOTE3NC91cy1jZW50cmFsMS9jaGF0Ym90L25Jc3d4V0N6VENV","metadata":{"@type":"type.googleapis.com/google.cloud.functions.v1.OperationMetadataV1","target":"projects/chatbot-d9174/locations/us-central1/functions/chatbot","type":"UPDATE_FUNCTION","request":{"@type":"type.googleapis.com/google.cloud.functions.v1.CloudFunction","name":"projects/chatbot-d9174/locations/us-central1/functions/chatbot","httpsTrigger":{"url":"https://us-central1-chatbot-d9174.cloudfunctions.net/chatbot","securityLevel":"SECURE_ALWAYS"},"status":"ACTIVE","entryPoint":"chatbot","updateTime":"2024-10-03T22:26:49.313Z","versionId":"54","labels":{"deployment-tool":"cli-firebase","firebase-functions-hash":"93ce2f942819c33146ca8bdf744c6e0942f60f66"},"sourceUploadUrl":"https://storage.googleapis.com/uploads-347099616733.us-central1.cloudfunctions.appspot.com/2548c079-8d24-474e-8150-d175addbf0bb.zip?GoogleAccessId=service-278828509732@gcf-admin-robot.iam.gserviceaccount.com&Expires=1727996881&Signature=jSQ%2FUh9SfkRXu74n4vFPF6DYLnGmiyWVNQkQSTEZhPjD2aZ1Og6d8tSpf8g%2Fpv24k1xsG4NcsEWduCbTjwDbMGUj6FDYgeQh7CF59XLnftsTLmLB7vnS93btwAAu6Mr1fnshT5sv250yjO438ARDGCetkPm%2Bdk%2BboQMhPjA%2BmKPFY2jghjAdbocTKXp%2FDMx%2Bt0LvFw5cNBnYvvoPTI2tdifdU81epIQop1I2ELfowJqRFOfu7OJYee%2Bpm1Dh%2FXNqw1cj%2BVfHbovwnVGQqhQmcnxKgXV95k4kRM8mBOrUs0D27%2B6YaYAYQtxO5CXvJQ63%2Fx0N36o4ey2fDEVB7BNfAQ%3D%3D","environmentVariables":{"FIREBASE_CONFIG":"{\"projectId\":\"chatbot-d9174\",\"storageBucket\":\"chatbot-d9174.appspot.com\",\"locationId\":\"us-central\"}","GCLOUD_PROJECT":"chatbot-d9174","EVENTARC_CLOUD_EVENT_SOURCE":"projects/chatbot-d9174/locations/us-central1/functions/chatbot"},"runtime":"nodejs18","buildId":"8f2254f4-4e42-4f09-975b-40c9c86142f9","buildEnvironmentVariables":{"GOOGLE_NODE_RUN_SCRIPTS":""},"buildName":"projects/278828509732/locations/us-central1/builds/8f2254f4-4e42-4f09-975b-40c9c86142f9","dockerRegistry":"ARTIFACT_REGISTRY","automaticUpdatePolicy":{},"buildServiceAccount":"projects/chatbot-d9174/serviceAccounts/278828509732-compute@developer.gserviceaccount.com"},"versionId":"55","updateTime":"2024-10-03T22:38:03Z","buildId":"b7d080a6-8d1f-4026-9b61-ffbdd30681d4","buildName":"projects/278828509732/locations/us-central1/builds/b7d080a6-8d1f-4026-9b61-ffbdd30681d4"}}
[debug] [2024-10-03T22:38:11.824Z] [update-default-us-central1-chatbot] Retrying task index 0
[debug] [2024-10-03T22:38:11.824Z] >>> [apiv2][query] GET https://cloudfunctions.googleapis.com/v1/operations/Y2hhdGJvdC1kOTE3NC91cy1jZW50cmFsMS9jaGF0Ym90L25Jc3d4V0N6VENV [none]
[debug] [2024-10-03T22:38:12.050Z] <<< [apiv2][status] GET https://cloudfunctions.googleapis.com/v1/operations/Y2hhdGJvdC1kOTE3NC91cy1jZW50cmFsMS9jaGF0Ym90L25Jc3d4V0N6VENV 200
[debug] [2024-10-03T22:38:12.050Z] <<< [apiv2][body] GET https://cloudfunctions.googleapis.com/v1/operations/Y2hhdGJvdC1kOTE3NC91cy1jZW50cmFsMS9jaGF0Ym90L25Jc3d4V0N6VENV {"name":"operations/Y2hhdGJvdC1kOTE3NC91cy1jZW50cmFsMS9jaGF0Ym90L25Jc3d4V0N6VENV","metadata":{"@type":"type.googleapis.com/google.cloud.functions.v1.OperationMetadataV1","target":"projects/chatbot-d9174/locations/us-central1/functions/chatbot","type":"UPDATE_FUNCTION","request":{"@type":"type.googleapis.com/google.cloud.functions.v1.CloudFunction","name":"projects/chatbot-d9174/locations/us-central1/functions/chatbot","httpsTrigger":{"url":"https://us-central1-chatbot-d9174.cloudfunctions.net/chatbot","securityLevel":"SECURE_ALWAYS"},"status":"ACTIVE","entryPoint":"chatbot","updateTime":"2024-10-03T22:26:49.313Z","versionId":"54","labels":{"deployment-tool":"cli-firebase","firebase-functions-hash":"93ce2f942819c33146ca8bdf744c6e0942f60f66"},"sourceUploadUrl":"https://storage.googleapis.com/uploads-347099616733.us-central1.cloudfunctions.appspot.com/2548c079-8d24-474e-8150-d175addbf0bb.zip?GoogleAccessId=service-278828509732@gcf-admin-robot.iam.gserviceaccount.com&Expires=1727996881&Signature=jSQ%2FUh9SfkRXu74n4vFPF6DYLnGmiyWVNQkQSTEZhPjD2aZ1Og6d8tSpf8g%2Fpv24k1xsG4NcsEWduCbTjwDbMGUj6FDYgeQh7CF59XLnftsTLmLB7vnS93btwAAu6Mr1fnshT5sv250yjO438ARDGCetkPm%2Bdk%2BboQMhPjA%2BmKPFY2jghjAdbocTKXp%2FDMx%2Bt0LvFw5cNBnYvvoPTI2tdifdU81epIQop1I2ELfowJqRFOfu7OJYee%2Bpm1Dh%2FXNqw1cj%2BVfHbovwnVGQqhQmcnxKgXV95k4kRM8mBOrUs0D27%2B6YaYAYQtxO5CXvJQ63%2Fx0N36o4ey2fDEVB7BNfAQ%3D%3D","environmentVariables":{"FIREBASE_CONFIG":"{\"projectId\":\"chatbot-d9174\",\"storageBucket\":\"chatbot-d9174.appspot.com\",\"locationId\":\"us-central\"}","GCLOUD_PROJECT":"chatbot-d9174","EVENTARC_CLOUD_EVENT_SOURCE":"projects/chatbot-d9174/locations/us-central1/functions/chatbot"},"runtime":"nodejs18","buildId":"8f2254f4-4e42-4f09-975b-40c9c86142f9","buildEnvironmentVariables":{"GOOGLE_NODE_RUN_SCRIPTS":""},"buildName":"projects/278828509732/locations/us-central1/builds/8f2254f4-4e42-4f09-975b-40c9c86142f9","dockerRegistry":"ARTIFACT_REGISTRY","automaticUpdatePolicy":{},"buildServiceAccount":"projects/chatbot-d9174/serviceAccounts/278828509732-compute@developer.gserviceaccount.com"},"versionId":"55","updateTime":"2024-10-03T22:38:03Z","buildId":"b7d080a6-8d1f-4026-9b61-ffbdd30681d4","buildName":"projects/278828509732/locations/us-central1/builds/b7d080a6-8d1f-4026-9b61-ffbdd30681d4"}}
