[debug] [2024-09-19T19:05:11.318Z] ----------------------------------------------------------------------
[debug] [2024-09-19T19:05:11.321Z] Command:       C:\Program Files\nodejs\node.exe C:\Users\Wendy\AppData\Roaming\npm\node_modules\firebase-tools\lib\bin\firebase.js deploy --only functions
[debug] [2024-09-19T19:05:11.321Z] CLI Version:   13.17.0
[debug] [2024-09-19T19:05:11.322Z] Platform:      win32
[debug] [2024-09-19T19:05:11.322Z] Node Version:  v18.20.4
[debug] [2024-09-19T19:05:11.323Z] Time:          Thu Sep 19 2024 13:05:11 GMT-0600 (GMT-06:00)
[debug] [2024-09-19T19:05:11.323Z] ----------------------------------------------------------------------
[debug] 
[debug] [2024-09-19T19:05:11.427Z] > command requires scopes: ["email","openid","https://www.googleapis.com/auth/cloudplatformprojects.readonly","https://www.googleapis.com/auth/firebase","https://www.googleapis.com/auth/cloud-platform"]
[debug] [2024-09-19T19:05:11.428Z] > authorizing via signed-in user (galvanflores102@gmail.com)
[debug] [2024-09-19T19:05:11.428Z] [iam] checking project chatbot-d9174 for permissions ["cloudfunctions.functions.create","cloudfunctions.functions.delete","cloudfunctions.functions.get","cloudfunctions.functions.list","cloudfunctions.functions.update","cloudfunctions.operations.get","firebase.projects.get"]
[debug] [2024-09-19T19:05:11.431Z] >>> [apiv2][query] POST https://cloudresourcemanager.googleapis.com/v1/projects/chatbot-d9174:testIamPermissions [none]
[debug] [2024-09-19T19:05:11.431Z] >>> [apiv2][(partial)header] POST https://cloudresourcemanager.googleapis.com/v1/projects/chatbot-d9174:testIamPermissions x-goog-quota-user=projects/chatbot-d9174
[debug] [2024-09-19T19:05:11.431Z] >>> [apiv2][body] POST https://cloudresourcemanager.googleapis.com/v1/projects/chatbot-d9174:testIamPermissions {"permissions":["cloudfunctions.functions.create","cloudfunctions.functions.delete","cloudfunctions.functions.get","cloudfunctions.functions.list","cloudfunctions.functions.update","cloudfunctions.operations.get","firebase.projects.get"]}
[debug] [2024-09-19T19:05:11.844Z] <<< [apiv2][status] POST https://cloudresourcemanager.googleapis.com/v1/projects/chatbot-d9174:testIamPermissions 200
[debug] [2024-09-19T19:05:11.845Z] <<< [apiv2][body] POST https://cloudresourcemanager.googleapis.com/v1/projects/chatbot-d9174:testIamPermissions {"permissions":["cloudfunctions.functions.create","cloudfunctions.functions.delete","cloudfunctions.functions.get","cloudfunctions.functions.list","cloudfunctions.functions.update","cloudfunctions.operations.get","firebase.projects.get"]}
[debug] [2024-09-19T19:05:11.847Z] >>> [apiv2][query] POST https://iam.googleapis.com/v1/projects/chatbot-d9174/serviceAccounts/chatbot-d9174@appspot.gserviceaccount.com:testIamPermissions [none]
[debug] [2024-09-19T19:05:11.847Z] >>> [apiv2][body] POST https://iam.googleapis.com/v1/projects/chatbot-d9174/serviceAccounts/chatbot-d9174@appspot.gserviceaccount.com:testIamPermissions {"permissions":["iam.serviceAccounts.actAs"]}
[debug] [2024-09-19T19:05:12.199Z] <<< [apiv2][status] POST https://iam.googleapis.com/v1/projects/chatbot-d9174/serviceAccounts/chatbot-d9174@appspot.gserviceaccount.com:testIamPermissions 200
[debug] [2024-09-19T19:05:12.199Z] <<< [apiv2][body] POST https://iam.googleapis.com/v1/projects/chatbot-d9174/serviceAccounts/chatbot-d9174@appspot.gserviceaccount.com:testIamPermissions {"permissions":["iam.serviceAccounts.actAs"]}
[info] 
[info] === Deploying to 'chatbot-d9174'...
[info] 
[info] i  deploying functions 
[debug] [2024-09-19T19:05:12.205Z] >>> [apiv2][query] GET https://firebase.googleapis.com/v1beta1/projects/chatbot-d9174 [none]
[debug] [2024-09-19T19:05:12.453Z] <<< [apiv2][status] GET https://firebase.googleapis.com/v1beta1/projects/chatbot-d9174 200
[debug] [2024-09-19T19:05:12.453Z] <<< [apiv2][body] GET https://firebase.googleapis.com/v1beta1/projects/chatbot-d9174 {"projectId":"chatbot-d9174","projectNumber":"278828509732","displayName":"chatbot","name":"projects/chatbot-d9174","resources":{"hostingSite":"chatbot-d9174","storageBucket":"chatbot-d9174.appspot.com","locationId":"us-central"},"state":"ACTIVE","etag":"1_7c0fe2bb-6cf4-4339-a6ea-baefeadf3b15"}
[info] i  functions: preparing codebase default for deployment 
[info] i  functions: ensuring required API cloudfunctions.googleapis.com is enabled... 
[info] i  functions: ensuring required API cloudbuild.googleapis.com is enabled... 
[info] i  artifactregistry: ensuring required API artifactregistry.googleapis.com is enabled... 
[debug] [2024-09-19T19:05:12.467Z] >>> [apiv2][query] GET https://serviceusage.googleapis.com/v1/projects/chatbot-d9174/services/cloudfunctions.googleapis.com [none]
[debug] [2024-09-19T19:05:12.467Z] >>> [apiv2][(partial)header] GET https://serviceusage.googleapis.com/v1/projects/chatbot-d9174/services/cloudfunctions.googleapis.com x-goog-quota-user=projects/chatbot-d9174
[debug] [2024-09-19T19:05:12.473Z] >>> [apiv2][query] GET https://serviceusage.googleapis.com/v1/projects/chatbot-d9174/services/runtimeconfig.googleapis.com [none]
[debug] [2024-09-19T19:05:12.474Z] >>> [apiv2][(partial)header] GET https://serviceusage.googleapis.com/v1/projects/chatbot-d9174/services/runtimeconfig.googleapis.com x-goog-quota-user=projects/chatbot-d9174
[debug] [2024-09-19T19:05:12.476Z] >>> [apiv2][query] GET https://serviceusage.googleapis.com/v1/projects/chatbot-d9174/services/cloudbuild.googleapis.com [none]
[debug] [2024-09-19T19:05:12.476Z] >>> [apiv2][(partial)header] GET https://serviceusage.googleapis.com/v1/projects/chatbot-d9174/services/cloudbuild.googleapis.com x-goog-quota-user=projects/chatbot-d9174
[debug] [2024-09-19T19:05:12.478Z] >>> [apiv2][query] GET https://serviceusage.googleapis.com/v1/projects/chatbot-d9174/services/artifactregistry.googleapis.com [none]
[debug] [2024-09-19T19:05:12.479Z] >>> [apiv2][(partial)header] GET https://serviceusage.googleapis.com/v1/projects/chatbot-d9174/services/artifactregistry.googleapis.com x-goog-quota-user=projects/chatbot-d9174
[debug] [2024-09-19T19:05:12.877Z] <<< [apiv2][status] GET https://serviceusage.googleapis.com/v1/projects/chatbot-d9174/services/runtimeconfig.googleapis.com 200
[debug] [2024-09-19T19:05:12.878Z] <<< [apiv2][body] GET https://serviceusage.googleapis.com/v1/projects/chatbot-d9174/services/runtimeconfig.googleapis.com [omitted]
[debug] [2024-09-19T19:05:12.879Z] <<< [apiv2][status] GET https://serviceusage.googleapis.com/v1/projects/chatbot-d9174/services/cloudbuild.googleapis.com 200
[debug] [2024-09-19T19:05:12.879Z] <<< [apiv2][body] GET https://serviceusage.googleapis.com/v1/projects/chatbot-d9174/services/cloudbuild.googleapis.com [omitted]
[info] +  functions: required API cloudbuild.googleapis.com is enabled 
[debug] [2024-09-19T19:05:12.882Z] <<< [apiv2][status] GET https://serviceusage.googleapis.com/v1/projects/chatbot-d9174/services/cloudfunctions.googleapis.com 200
[debug] [2024-09-19T19:05:12.882Z] <<< [apiv2][body] GET https://serviceusage.googleapis.com/v1/projects/chatbot-d9174/services/cloudfunctions.googleapis.com [omitted]
[info] +  functions: required API cloudfunctions.googleapis.com is enabled 
[debug] [2024-09-19T19:05:12.894Z] <<< [apiv2][status] GET https://serviceusage.googleapis.com/v1/projects/chatbot-d9174/services/artifactregistry.googleapis.com 200
[debug] [2024-09-19T19:05:12.894Z] <<< [apiv2][body] GET https://serviceusage.googleapis.com/v1/projects/chatbot-d9174/services/artifactregistry.googleapis.com [omitted]
[info] +  artifactregistry: required API artifactregistry.googleapis.com is enabled 
[debug] [2024-09-19T19:05:12.895Z] >>> [apiv2][query] GET https://firebase.googleapis.com/v1beta1/projects/chatbot-d9174/adminSdkConfig [none]
[debug] [2024-09-19T19:05:13.268Z] <<< [apiv2][status] GET https://firebase.googleapis.com/v1beta1/projects/chatbot-d9174/adminSdkConfig 200
[debug] [2024-09-19T19:05:13.268Z] <<< [apiv2][body] GET https://firebase.googleapis.com/v1beta1/projects/chatbot-d9174/adminSdkConfig {"projectId":"chatbot-d9174","storageBucket":"chatbot-d9174.appspot.com","locationId":"us-central"}
[debug] [2024-09-19T19:05:13.270Z] >>> [apiv2][query] GET https://runtimeconfig.googleapis.com/v1beta1/projects/chatbot-d9174/configs [none]
[debug] [2024-09-19T19:05:13.466Z] <<< [apiv2][status] GET https://runtimeconfig.googleapis.com/v1beta1/projects/chatbot-d9174/configs 200
[debug] [2024-09-19T19:05:13.466Z] <<< [apiv2][body] GET https://runtimeconfig.googleapis.com/v1beta1/projects/chatbot-d9174/configs {}
[debug] [2024-09-19T19:05:13.474Z] Validating nodejs source
[warn] !  functions: package.json indicates an outdated version of firebase-functions. Please upgrade using npm install --save firebase-functions@latest in your functions directory. 
[warn] !  functions: Please note that there will be breaking changes when you upgrade. 
[debug] [2024-09-19T19:05:14.995Z] > [functions] package.json contents: {
  "name": "functions",
  "description": "Cloud Functions for Firebase",
  "scripts": {
    "serve": "firebase emulators:start --only functions",
    "shell": "firebase functions:shell",
    "start": "npm run shell",
    "deploy": "firebase deploy --only functions",
    "logs": "firebase functions:log"
  },
  "engines": {
    "node": ">=18"
  },
  "main": "index.js",
  "dependencies": {
    "firebase-admin": "^12.1.0",
    "firebase-functions": "^5.0.0",
    "actions-on-google": "2.0.0-alpha.3",
    "dialogflow": "^0.1.0",
    "dialogflow-fulfillment": "^0.4.1"
  },
  "devDependencies": {
    "firebase-functions-test": "^3.1.0"
  },
  "private": true
}
[debug] [2024-09-19T19:05:14.995Z] Building nodejs source
[info] i  functions: Loading and analyzing source code for codebase default to determine what to deploy 
[debug] [2024-09-19T19:05:14.997Z] Could not find functions.yaml. Must use http discovery
[debug] [2024-09-19T19:05:15.022Z] Found firebase-functions binary at 'C:\Users\Wendy\Desktop\chatbot-app\functions\node_modules\.bin\firebase-functions'
[info] Serving at port 8681

[debug] [2024-09-19T19:05:16.804Z] Got response from /__/functions.yaml {"endpoints":{"chatboteccomers":{"platform":"gcfv1","availableMemoryMb":null,"timeoutSeconds":null,"minInstances":null,"maxInstances":null,"ingressSettings":null,"serviceAccountEmail":null,"vpc":null,"httpsTrigger":{},"entryPoint":"chatboteccomers"}},"specVersion":"v1alpha1","requiredAPIs":[],"extensions":{}}
[info] i  functions: preparing functions directory for uploading... 
[info] i  functions: packaged C:\Users\Wendy\Desktop\chatbot-app\functions (68.02 KB) for uploading 
[debug] [2024-09-19T19:05:16.912Z] >>> [apiv2][query] GET https://cloudfunctions.googleapis.com/v1/projects/chatbot-d9174/locations/-/functions [none]
[debug] [2024-09-19T19:05:17.477Z] <<< [apiv2][status] GET https://cloudfunctions.googleapis.com/v1/projects/chatbot-d9174/locations/-/functions 200
[debug] [2024-09-19T19:05:17.477Z] <<< [apiv2][body] GET https://cloudfunctions.googleapis.com/v1/projects/chatbot-d9174/locations/-/functions {}
[debug] [2024-09-19T19:05:17.481Z] >>> [apiv2][query] GET https://cloudfunctions.googleapis.com/v2/projects/chatbot-d9174/locations/-/functions filter=environment%3D%22GEN_2%22
[debug] [2024-09-19T19:05:18.001Z] <<< [apiv2][status] GET https://cloudfunctions.googleapis.com/v2/projects/chatbot-d9174/locations/-/functions 200
[debug] [2024-09-19T19:05:18.002Z] <<< [apiv2][body] GET https://cloudfunctions.googleapis.com/v2/projects/chatbot-d9174/locations/-/functions {}
[debug] [2024-09-19T19:05:18.014Z] >>> [apiv2][query] GET https://firebase.googleapis.com/v1beta1/projects/chatbot-d9174 [none]
[debug] [2024-09-19T19:05:18.250Z] <<< [apiv2][status] GET https://firebase.googleapis.com/v1beta1/projects/chatbot-d9174 200
[debug] [2024-09-19T19:05:18.251Z] <<< [apiv2][body] GET https://firebase.googleapis.com/v1beta1/projects/chatbot-d9174 {"projectId":"chatbot-d9174","projectNumber":"278828509732","displayName":"chatbot","name":"projects/chatbot-d9174","resources":{"hostingSite":"chatbot-d9174","storageBucket":"chatbot-d9174.appspot.com","locationId":"us-central"},"state":"ACTIVE","etag":"1_7c0fe2bb-6cf4-4339-a6ea-baefeadf3b15"}
[debug] [2024-09-19T19:05:18.254Z] [functions] found 1 new HTTP functions, testing setIamPolicy permission...
[debug] [2024-09-19T19:05:18.255Z] >>> [apiv2][query] POST https://cloudresourcemanager.googleapis.com/v1/projects/chatbot-d9174:testIamPermissions [none]
[debug] [2024-09-19T19:05:18.255Z] >>> [apiv2][(partial)header] POST https://cloudresourcemanager.googleapis.com/v1/projects/chatbot-d9174:testIamPermissions x-goog-quota-user=projects/chatbot-d9174
[debug] [2024-09-19T19:05:18.256Z] >>> [apiv2][body] POST https://cloudresourcemanager.googleapis.com/v1/projects/chatbot-d9174:testIamPermissions {"permissions":["cloudfunctions.functions.setIamPolicy"]}
[debug] [2024-09-19T19:05:18.560Z] <<< [apiv2][status] POST https://cloudresourcemanager.googleapis.com/v1/projects/chatbot-d9174:testIamPermissions 200
[debug] [2024-09-19T19:05:18.560Z] <<< [apiv2][body] POST https://cloudresourcemanager.googleapis.com/v1/projects/chatbot-d9174:testIamPermissions {"permissions":["cloudfunctions.functions.setIamPolicy"]}
[debug] [2024-09-19T19:05:18.560Z] [functions] found setIamPolicy permission, proceeding with deploy
[debug] [2024-09-19T19:05:18.563Z] >>> [apiv2][query] POST https://cloudfunctions.googleapis.com/v1/projects/chatbot-d9174/locations/us-central1/functions:generateUploadUrl [none]
[debug] [2024-09-19T19:05:18.563Z] >>> [apiv2][body] POST https://cloudfunctions.googleapis.com/v1/projects/chatbot-d9174/locations/us-central1/functions:generateUploadUrl {}
[debug] [2024-09-19T19:05:19.386Z] <<< [apiv2][status] POST https://cloudfunctions.googleapis.com/v1/projects/chatbot-d9174/locations/us-central1/functions:generateUploadUrl 200
[debug] [2024-09-19T19:05:19.386Z] <<< [apiv2][body] POST https://cloudfunctions.googleapis.com/v1/projects/chatbot-d9174/locations/us-central1/functions:generateUploadUrl {"uploadUrl":"https://storage.googleapis.com/uploads-347099616733.us-central1.cloudfunctions.appspot.com/1d71ef96-ff66-40d4-901d-a529171241ec.zip?GoogleAccessId=service-278828509732@gcf-admin-robot.iam.gserviceaccount.com&Expires=1726774520&Signature=Wy91Nk%2BD%2BXfjjb5V27AzCy6a6SftqHZvtFc2FU%2FP0L03oX71smRHAs3Aj4Mi%2FbNKgSly5NTJPVEkcQv4xkU%2Bia36stw5pYjqfUhC%2B0TkWKJaHvYJ1d985H0Er7GuMW2F5YMfRz23isARDuCmPxiSmk2AMirSaoAPQ5wAoFXPwuJ5bZY4AsVKllWHECvpLKvVDSLreBpq1mSrQ%2FHs5P%2F%2FsLXd%2FCTwngarTIBUmsE%2FBpg6VLq2tW0xfzCIhyTaRYE6k2ifyyzSLrHaO2CLpi4pnr76wvHwSgRC1ULSyj8n5WzBdByPD06KEkD96zxOqgUCgMdSP9cWRRtwXisRhaLhGA%3D%3D"}
[debug] [2024-09-19T19:05:19.390Z] >>> [apiv2][query] PUT https://storage.googleapis.com/uploads-347099616733.us-central1.cloudfunctions.appspot.com/1d71ef96-ff66-40d4-901d-a529171241ec.zip GoogleAccessId=service-278828509732%40gcf-admin-robot.iam.gserviceaccount.com&Expires=1726774520&Signature=Wy91Nk%2BD%2BXfjjb5V27AzCy6a6SftqHZvtFc2FU%2FP0L03oX71smRHAs3Aj4Mi%2FbNKgSly5NTJPVEkcQv4xkU%2Bia36stw5pYjqfUhC%2B0TkWKJaHvYJ1d985H0Er7GuMW2F5YMfRz23isARDuCmPxiSmk2AMirSaoAPQ5wAoFXPwuJ5bZY4AsVKllWHECvpLKvVDSLreBpq1mSrQ%2FHs5P%2F%2FsLXd%2FCTwngarTIBUmsE%2FBpg6VLq2tW0xfzCIhyTaRYE6k2ifyyzSLrHaO2CLpi4pnr76wvHwSgRC1ULSyj8n5WzBdByPD06KEkD96zxOqgUCgMdSP9cWRRtwXisRhaLhGA%3D%3D
[debug] [2024-09-19T19:05:19.391Z] >>> [apiv2][body] PUT https://storage.googleapis.com/uploads-347099616733.us-central1.cloudfunctions.appspot.com/1d71ef96-ff66-40d4-901d-a529171241ec.zip [stream]
[debug] [2024-09-19T19:05:19.772Z] <<< [apiv2][status] PUT https://storage.googleapis.com/uploads-347099616733.us-central1.cloudfunctions.appspot.com/1d71ef96-ff66-40d4-901d-a529171241ec.zip 200
[debug] [2024-09-19T19:05:19.773Z] <<< [apiv2][body] PUT https://storage.googleapis.com/uploads-347099616733.us-central1.cloudfunctions.appspot.com/1d71ef96-ff66-40d4-901d-a529171241ec.zip [omitted]
[info] +  functions: functions folder uploaded successfully 
[info] i  functions: creating Node.js 18 (1st Gen) function chatboteccomers(us-central1)... 
[debug] [2024-09-19T19:05:19.794Z] >>> [apiv2][query] POST https://cloudfunctions.googleapis.com/v1/projects/chatbot-d9174/locations/us-central1/functions [none]
[debug] [2024-09-19T19:05:19.794Z] >>> [apiv2][body] POST https://cloudfunctions.googleapis.com/v1/projects/chatbot-d9174/locations/us-central1/functions {"name":"projects/chatbot-d9174/locations/us-central1/functions/chatboteccomers","sourceUploadUrl":"https://storage.googleapis.com/uploads-347099616733.us-central1.cloudfunctions.appspot.com/1d71ef96-ff66-40d4-901d-a529171241ec.zip?GoogleAccessId=service-278828509732@gcf-admin-robot.iam.gserviceaccount.com&Expires=1726774520&Signature=Wy91Nk%2BD%2BXfjjb5V27AzCy6a6SftqHZvtFc2FU%2FP0L03oX71smRHAs3Aj4Mi%2FbNKgSly5NTJPVEkcQv4xkU%2Bia36stw5pYjqfUhC%2B0TkWKJaHvYJ1d985H0Er7GuMW2F5YMfRz23isARDuCmPxiSmk2AMirSaoAPQ5wAoFXPwuJ5bZY4AsVKllWHECvpLKvVDSLreBpq1mSrQ%2FHs5P%2F%2FsLXd%2FCTwngarTIBUmsE%2FBpg6VLq2tW0xfzCIhyTaRYE6k2ifyyzSLrHaO2CLpi4pnr76wvHwSgRC1ULSyj8n5WzBdByPD06KEkD96zxOqgUCgMdSP9cWRRtwXisRhaLhGA%3D%3D","entryPoint":"chatboteccomers","runtime":"nodejs18","dockerRegistry":"ARTIFACT_REGISTRY","labels":{"deployment-tool":"cli-firebase","firebase-functions-hash":"04dbd5bb41a5d093a12b9079f319215b379ef810"},"httpsTrigger":{"securityLevel":"SECURE_ALWAYS"},"minInstances":null,"maxInstances":null,"ingressSettings":null,"environmentVariables":{"FIREBASE_CONFIG":"{\"projectId\":\"chatbot-d9174\",\"storageBucket\":\"chatbot-d9174.appspot.com\",\"locationId\":\"us-central\"}","GCLOUD_PROJECT":"chatbot-d9174","EVENTARC_CLOUD_EVENT_SOURCE":"projects/chatbot-d9174/locations/us-central1/functions/chatboteccomers"},"serviceAccountEmail":null,"availableMemoryMb":null,"timeout":null,"vpcConnector":null,"vpcConnectorEgressSettings":null,"buildEnvironmentVariables":{"GOOGLE_NODE_RUN_SCRIPTS":""}}
[debug] [2024-09-19T19:05:20.316Z] <<< [apiv2][status] POST https://cloudfunctions.googleapis.com/v1/projects/chatbot-d9174/locations/us-central1/functions 200
[debug] [2024-09-19T19:05:20.317Z] <<< [apiv2][body] POST https://cloudfunctions.googleapis.com/v1/projects/chatbot-d9174/locations/us-central1/functions {"name":"operations/Y2hhdGJvdC1kOTE3NC91cy1jZW50cmFsMS9jaGF0Ym90ZWNjb21lcnMvZlZWVjN6WTVNYzQ","metadata":{"@type":"type.googleapis.com/google.cloud.functions.v1.OperationMetadataV1","target":"projects/chatbot-d9174/locations/us-central1/functions/chatboteccomers","type":"CREATE_FUNCTION","request":{"@type":"type.googleapis.com/google.cloud.functions.v1.CloudFunction","name":"projects/chatbot-d9174/locations/us-central1/functions/chatboteccomers","httpsTrigger":{"securityLevel":"SECURE_ALWAYS"},"entryPoint":"chatboteccomers","labels":{"deployment-tool":"cli-firebase","firebase-functions-hash":"04dbd5bb41a5d093a12b9079f319215b379ef810"},"sourceUploadUrl":"https://storage.googleapis.com/uploads-347099616733.us-central1.cloudfunctions.appspot.com/1d71ef96-ff66-40d4-901d-a529171241ec.zip?GoogleAccessId=service-278828509732@gcf-admin-robot.iam.gserviceaccount.com&Expires=1726774520&Signature=Wy91Nk%2BD%2BXfjjb5V27AzCy6a6SftqHZvtFc2FU%2FP0L03oX71smRHAs3Aj4Mi%2FbNKgSly5NTJPVEkcQv4xkU%2Bia36stw5pYjqfUhC%2B0TkWKJaHvYJ1d985H0Er7GuMW2F5YMfRz23isARDuCmPxiSmk2AMirSaoAPQ5wAoFXPwuJ5bZY4AsVKllWHECvpLKvVDSLreBpq1mSrQ%2FHs5P%2F%2FsLXd%2FCTwngarTIBUmsE%2FBpg6VLq2tW0xfzCIhyTaRYE6k2ifyyzSLrHaO2CLpi4pnr76wvHwSgRC1ULSyj8n5WzBdByPD06KEkD96zxOqgUCgMdSP9cWRRtwXisRhaLhGA%3D%3D","environmentVariables":{"FIREBASE_CONFIG":"{\"projectId\":\"chatbot-d9174\",\"storageBucket\":\"chatbot-d9174.appspot.com\",\"locationId\":\"us-central\"}","GCLOUD_PROJECT":"chatbot-d9174","EVENTARC_CLOUD_EVENT_SOURCE":"projects/chatbot-d9174/locations/us-central1/functions/chatboteccomers"},"runtime":"nodejs18","buildEnvironmentVariables":{"GOOGLE_NODE_RUN_SCRIPTS":""},"dockerRegistry":"ARTIFACT_REGISTRY"},"versionId":"1","updateTime":"2024-09-19T19:05:21Z"}}
[debug] [2024-09-19T19:05:20.320Z] >>> [apiv2][query] GET https://cloudfunctions.googleapis.com/v1/operations/Y2hhdGJvdC1kOTE3NC91cy1jZW50cmFsMS9jaGF0Ym90ZWNjb21lcnMvZlZWVjN6WTVNYzQ [none]
[debug] [2024-09-19T19:05:20.597Z] <<< [apiv2][status] GET https://cloudfunctions.googleapis.com/v1/operations/Y2hhdGJvdC1kOTE3NC91cy1jZW50cmFsMS9jaGF0Ym90ZWNjb21lcnMvZlZWVjN6WTVNYzQ 200
[debug] [2024-09-19T19:05:20.597Z] <<< [apiv2][body] GET https://cloudfunctions.googleapis.com/v1/operations/Y2hhdGJvdC1kOTE3NC91cy1jZW50cmFsMS9jaGF0Ym90ZWNjb21lcnMvZlZWVjN6WTVNYzQ {"name":"operations/Y2hhdGJvdC1kOTE3NC91cy1jZW50cmFsMS9jaGF0Ym90ZWNjb21lcnMvZlZWVjN6WTVNYzQ","metadata":{"@type":"type.googleapis.com/google.cloud.functions.v1.OperationMetadataV1","target":"projects/chatbot-d9174/locations/us-central1/functions/chatboteccomers","type":"CREATE_FUNCTION","request":{"@type":"type.googleapis.com/google.cloud.functions.v1.CloudFunction","name":"projects/chatbot-d9174/locations/us-central1/functions/chatboteccomers","httpsTrigger":{"securityLevel":"SECURE_ALWAYS"},"entryPoint":"chatboteccomers","labels":{"deployment-tool":"cli-firebase","firebase-functions-hash":"04dbd5bb41a5d093a12b9079f319215b379ef810"},"sourceUploadUrl":"https://storage.googleapis.com/uploads-347099616733.us-central1.cloudfunctions.appspot.com/1d71ef96-ff66-40d4-901d-a529171241ec.zip?GoogleAccessId=service-278828509732@gcf-admin-robot.iam.gserviceaccount.com&Expires=1726774520&Signature=Wy91Nk%2BD%2BXfjjb5V27AzCy6a6SftqHZvtFc2FU%2FP0L03oX71smRHAs3Aj4Mi%2FbNKgSly5NTJPVEkcQv4xkU%2Bia36stw5pYjqfUhC%2B0TkWKJaHvYJ1d985H0Er7GuMW2F5YMfRz23isARDuCmPxiSmk2AMirSaoAPQ5wAoFXPwuJ5bZY4AsVKllWHECvpLKvVDSLreBpq1mSrQ%2FHs5P%2F%2FsLXd%2FCTwngarTIBUmsE%2FBpg6VLq2tW0xfzCIhyTaRYE6k2ifyyzSLrHaO2CLpi4pnr76wvHwSgRC1ULSyj8n5WzBdByPD06KEkD96zxOqgUCgMdSP9cWRRtwXisRhaLhGA%3D%3D","environmentVariables":{"FIREBASE_CONFIG":"{\"projectId\":\"chatbot-d9174\",\"storageBucket\":\"chatbot-d9174.appspot.com\",\"locationId\":\"us-central\"}","GCLOUD_PROJECT":"chatbot-d9174","EVENTARC_CLOUD_EVENT_SOURCE":"projects/chatbot-d9174/locations/us-central1/functions/chatboteccomers"},"runtime":"nodejs18","buildEnvironmentVariables":{"GOOGLE_NODE_RUN_SCRIPTS":""},"dockerRegistry":"ARTIFACT_REGISTRY"},"versionId":"1","updateTime":"2024-09-19T19:05:21Z"}}
[debug] [2024-09-19T19:05:21.113Z] [create-default-us-central1-chatboteccomers] Retrying task index 0
[debug] [2024-09-19T19:05:21.114Z] >>> [apiv2][query] GET https://cloudfunctions.googleapis.com/v1/operations/Y2hhdGJvdC1kOTE3NC91cy1jZW50cmFsMS9jaGF0Ym90ZWNjb21lcnMvZlZWVjN6WTVNYzQ [none]
[debug] [2024-09-19T19:05:21.316Z] <<< [apiv2][status] GET https://cloudfunctions.googleapis.com/v1/operations/Y2hhdGJvdC1kOTE3NC91cy1jZW50cmFsMS9jaGF0Ym90ZWNjb21lcnMvZlZWVjN6WTVNYzQ 200
[debug] [2024-09-19T19:05:21.316Z] <<< [apiv2][body] GET https://cloudfunctions.googleapis.com/v1/operations/Y2hhdGJvdC1kOTE3NC91cy1jZW50cmFsMS9jaGF0Ym90ZWNjb21lcnMvZlZWVjN6WTVNYzQ {"name":"operations/Y2hhdGJvdC1kOTE3NC91cy1jZW50cmFsMS9jaGF0Ym90ZWNjb21lcnMvZlZWVjN6WTVNYzQ","metadata":{"@type":"type.googleapis.com/google.cloud.functions.v1.OperationMetadataV1","target":"projects/chatbot-d9174/locations/us-central1/functions/chatboteccomers","type":"CREATE_FUNCTION","request":{"@type":"type.googleapis.com/google.cloud.functions.v1.CloudFunction","name":"projects/chatbot-d9174/locations/us-central1/functions/chatboteccomers","httpsTrigger":{"securityLevel":"SECURE_ALWAYS"},"entryPoint":"chatboteccomers","labels":{"deployment-tool":"cli-firebase","firebase-functions-hash":"04dbd5bb41a5d093a12b9079f319215b379ef810"},"sourceUploadUrl":"https://storage.googleapis.com/uploads-347099616733.us-central1.cloudfunctions.appspot.com/1d71ef96-ff66-40d4-901d-a529171241ec.zip?GoogleAccessId=service-278828509732@gcf-admin-robot.iam.gserviceaccount.com&Expires=1726774520&Signature=Wy91Nk%2BD%2BXfjjb5V27AzCy6a6SftqHZvtFc2FU%2FP0L03oX71smRHAs3Aj4Mi%2FbNKgSly5NTJPVEkcQv4xkU%2Bia36stw5pYjqfUhC%2B0TkWKJaHvYJ1d985H0Er7GuMW2F5YMfRz23isARDuCmPxiSmk2AMirSaoAPQ5wAoFXPwuJ5bZY4AsVKllWHECvpLKvVDSLreBpq1mSrQ%2FHs5P%2F%2FsLXd%2FCTwngarTIBUmsE%2FBpg6VLq2tW0xfzCIhyTaRYE6k2ifyyzSLrHaO2CLpi4pnr76wvHwSgRC1ULSyj8n5WzBdByPD06KEkD96zxOqgUCgMdSP9cWRRtwXisRhaLhGA%3D%3D","environmentVariables":{"FIREBASE_CONFIG":"{\"projectId\":\"chatbot-d9174\",\"storageBucket\":\"chatbot-d9174.appspot.com\",\"locationId\":\"us-central\"}","GCLOUD_PROJECT":"chatbot-d9174","EVENTARC_CLOUD_EVENT_SOURCE":"projects/chatbot-d9174/locations/us-central1/functions/chatboteccomers"},"runtime":"nodejs18","buildEnvironmentVariables":{"GOOGLE_NODE_RUN_SCRIPTS":""},"dockerRegistry":"ARTIFACT_REGISTRY"},"versionId":"1","updateTime":"2024-09-19T19:05:21Z","buildId":"112ac5a9-46b6-446c-b44f-7486dd18d758","buildName":"projects/278828509732/locations/us-central1/builds/112ac5a9-46b6-446c-b44f-7486dd18d758"}}
[debug] [2024-09-19T19:05:22.322Z] [create-default-us-central1-chatboteccomers] Retrying task index 0
[debug] [2024-09-19T19:05:22.323Z] >>> [apiv2][query] GET https://cloudfunctions.googleapis.com/v1/operations/Y2hhdGJvdC1kOTE3NC91cy1jZW50cmFsMS9jaGF0Ym90ZWNjb21lcnMvZlZWVjN6WTVNYzQ [none]
[debug] [2024-09-19T19:05:22.566Z] <<< [apiv2][status] GET https://cloudfunctions.googleapis.com/v1/operations/Y2hhdGJvdC1kOTE3NC91cy1jZW50cmFsMS9jaGF0Ym90ZWNjb21lcnMvZlZWVjN6WTVNYzQ 200
[debug] [2024-09-19T19:05:22.567Z] <<< [apiv2][body] GET https://cloudfunctions.googleapis.com/v1/operations/Y2hhdGJvdC1kOTE3NC91cy1jZW50cmFsMS9jaGF0Ym90ZWNjb21lcnMvZlZWVjN6WTVNYzQ {"name":"operations/Y2hhdGJvdC1kOTE3NC91cy1jZW50cmFsMS9jaGF0Ym90ZWNjb21lcnMvZlZWVjN6WTVNYzQ","metadata":{"@type":"type.googleapis.com/google.cloud.functions.v1.OperationMetadataV1","target":"projects/chatbot-d9174/locations/us-central1/functions/chatboteccomers","type":"CREATE_FUNCTION","request":{"@type":"type.googleapis.com/google.cloud.functions.v1.CloudFunction","name":"projects/chatbot-d9174/locations/us-central1/functions/chatboteccomers","httpsTrigger":{"securityLevel":"SECURE_ALWAYS"},"entryPoint":"chatboteccomers","labels":{"deployment-tool":"cli-firebase","firebase-functions-hash":"04dbd5bb41a5d093a12b9079f319215b379ef810"},"sourceUploadUrl":"https://storage.googleapis.com/uploads-347099616733.us-central1.cloudfunctions.appspot.com/1d71ef96-ff66-40d4-901d-a529171241ec.zip?GoogleAccessId=service-278828509732@gcf-admin-robot.iam.gserviceaccount.com&Expires=1726774520&Signature=Wy91Nk%2BD%2BXfjjb5V27AzCy6a6SftqHZvtFc2FU%2FP0L03oX71smRHAs3Aj4Mi%2FbNKgSly5NTJPVEkcQv4xkU%2Bia36stw5pYjqfUhC%2B0TkWKJaHvYJ1d985H0Er7GuMW2F5YMfRz23isARDuCmPxiSmk2AMirSaoAPQ5wAoFXPwuJ5bZY4AsVKllWHECvpLKvVDSLreBpq1mSrQ%2FHs5P%2F%2FsLXd%2FCTwngarTIBUmsE%2FBpg6VLq2tW0xfzCIhyTaRYE6k2ifyyzSLrHaO2CLpi4pnr76wvHwSgRC1ULSyj8n5WzBdByPD06KEkD96zxOqgUCgMdSP9cWRRtwXisRhaLhGA%3D%3D","environmentVariables":{"FIREBASE_CONFIG":"{\"projectId\":\"chatbot-d9174\",\"storageBucket\":\"chatbot-d9174.appspot.com\",\"locationId\":\"us-central\"}","GCLOUD_PROJECT":"chatbot-d9174","EVENTARC_CLOUD_EVENT_SOURCE":"projects/chatbot-d9174/locations/us-central1/functions/chatboteccomers"},"runtime":"nodejs18","buildEnvironmentVariables":{"GOOGLE_NODE_RUN_SCRIPTS":""},"dockerRegistry":"ARTIFACT_REGISTRY"},"versionId":"1","updateTime":"2024-09-19T19:05:21Z","buildId":"112ac5a9-46b6-446c-b44f-7486dd18d758","buildName":"projects/278828509732/locations/us-central1/builds/112ac5a9-46b6-446c-b44f-7486dd18d758"}}
[debug] [2024-09-19T19:05:24.577Z] [create-default-us-central1-chatboteccomers] Retrying task index 0
[debug] [2024-09-19T19:05:24.577Z] >>> [apiv2][query] GET https://cloudfunctions.googleapis.com/v1/operations/Y2hhdGJvdC1kOTE3NC91cy1jZW50cmFsMS9jaGF0Ym90ZWNjb21lcnMvZlZWVjN6WTVNYzQ [none]
[debug] [2024-09-19T19:05:24.807Z] <<< [apiv2][status] GET https://cloudfunctions.googleapis.com/v1/operations/Y2hhdGJvdC1kOTE3NC91cy1jZW50cmFsMS9jaGF0Ym90ZWNjb21lcnMvZlZWVjN6WTVNYzQ 200
[debug] [2024-09-19T19:05:24.808Z] <<< [apiv2][body] GET https://cloudfunctions.googleapis.com/v1/operations/Y2hhdGJvdC1kOTE3NC91cy1jZW50cmFsMS9jaGF0Ym90ZWNjb21lcnMvZlZWVjN6WTVNYzQ {"name":"operations/Y2hhdGJvdC1kOTE3NC91cy1jZW50cmFsMS9jaGF0Ym90ZWNjb21lcnMvZlZWVjN6WTVNYzQ","metadata":{"@type":"type.googleapis.com/google.cloud.functions.v1.OperationMetadataV1","target":"projects/chatbot-d9174/locations/us-central1/functions/chatboteccomers","type":"CREATE_FUNCTION","request":{"@type":"type.googleapis.com/google.cloud.functions.v1.CloudFunction","name":"projects/chatbot-d9174/locations/us-central1/functions/chatboteccomers","httpsTrigger":{"securityLevel":"SECURE_ALWAYS"},"entryPoint":"chatboteccomers","labels":{"deployment-tool":"cli-firebase","firebase-functions-hash":"04dbd5bb41a5d093a12b9079f319215b379ef810"},"sourceUploadUrl":"https://storage.googleapis.com/uploads-347099616733.us-central1.cloudfunctions.appspot.com/1d71ef96-ff66-40d4-901d-a529171241ec.zip?GoogleAccessId=service-278828509732@gcf-admin-robot.iam.gserviceaccount.com&Expires=1726774520&Signature=Wy91Nk%2BD%2BXfjjb5V27AzCy6a6SftqHZvtFc2FU%2FP0L03oX71smRHAs3Aj4Mi%2FbNKgSly5NTJPVEkcQv4xkU%2Bia36stw5pYjqfUhC%2B0TkWKJaHvYJ1d985H0Er7GuMW2F5YMfRz23isARDuCmPxiSmk2AMirSaoAPQ5wAoFXPwuJ5bZY4AsVKllWHECvpLKvVDSLreBpq1mSrQ%2FHs5P%2F%2FsLXd%2FCTwngarTIBUmsE%2FBpg6VLq2tW0xfzCIhyTaRYE6k2ifyyzSLrHaO2CLpi4pnr76wvHwSgRC1ULSyj8n5WzBdByPD06KEkD96zxOqgUCgMdSP9cWRRtwXisRhaLhGA%3D%3D","environmentVariables":{"FIREBASE_CONFIG":"{\"projectId\":\"chatbot-d9174\",\"storageBucket\":\"chatbot-d9174.appspot.com\",\"locationId\":\"us-central\"}","GCLOUD_PROJECT":"chatbot-d9174","EVENTARC_CLOUD_EVENT_SOURCE":"projects/chatbot-d9174/locations/us-central1/functions/chatboteccomers"},"runtime":"nodejs18","buildEnvironmentVariables":{"GOOGLE_NODE_RUN_SCRIPTS":""},"dockerRegistry":"ARTIFACT_REGISTRY"},"versionId":"1","updateTime":"2024-09-19T19:05:21Z","buildId":"112ac5a9-46b6-446c-b44f-7486dd18d758","buildName":"projects/278828509732/locations/us-central1/builds/112ac5a9-46b6-446c-b44f-7486dd18d758"}}
[debug] [2024-09-19T19:05:28.810Z] [create-default-us-central1-chatboteccomers] Retrying task index 0
[debug] [2024-09-19T19:05:28.812Z] >>> [apiv2][query] GET https://cloudfunctions.googleapis.com/v1/operations/Y2hhdGJvdC1kOTE3NC91cy1jZW50cmFsMS9jaGF0Ym90ZWNjb21lcnMvZlZWVjN6WTVNYzQ [none]
[debug] [2024-09-19T19:05:29.023Z] <<< [apiv2][status] GET https://cloudfunctions.googleapis.com/v1/operations/Y2hhdGJvdC1kOTE3NC91cy1jZW50cmFsMS9jaGF0Ym90ZWNjb21lcnMvZlZWVjN6WTVNYzQ 200
[debug] [2024-09-19T19:05:29.024Z] <<< [apiv2][body] GET https://cloudfunctions.googleapis.com/v1/operations/Y2hhdGJvdC1kOTE3NC91cy1jZW50cmFsMS9jaGF0Ym90ZWNjb21lcnMvZlZWVjN6WTVNYzQ {"name":"operations/Y2hhdGJvdC1kOTE3NC91cy1jZW50cmFsMS9jaGF0Ym90ZWNjb21lcnMvZlZWVjN6WTVNYzQ","metadata":{"@type":"type.googleapis.com/google.cloud.functions.v1.OperationMetadataV1","target":"projects/chatbot-d9174/locations/us-central1/functions/chatboteccomers","type":"CREATE_FUNCTION","request":{"@type":"type.googleapis.com/google.cloud.functions.v1.CloudFunction","name":"projects/chatbot-d9174/locations/us-central1/functions/chatboteccomers","httpsTrigger":{"securityLevel":"SECURE_ALWAYS"},"entryPoint":"chatboteccomers","labels":{"deployment-tool":"cli-firebase","firebase-functions-hash":"04dbd5bb41a5d093a12b9079f319215b379ef810"},"sourceUploadUrl":"https://storage.googleapis.com/uploads-347099616733.us-central1.cloudfunctions.appspot.com/1d71ef96-ff66-40d4-901d-a529171241ec.zip?GoogleAccessId=service-278828509732@gcf-admin-robot.iam.gserviceaccount.com&Expires=1726774520&Signature=Wy91Nk%2BD%2BXfjjb5V27AzCy6a6SftqHZvtFc2FU%2FP0L03oX71smRHAs3Aj4Mi%2FbNKgSly5NTJPVEkcQv4xkU%2Bia36stw5pYjqfUhC%2B0TkWKJaHvYJ1d985H0Er7GuMW2F5YMfRz23isARDuCmPxiSmk2AMirSaoAPQ5wAoFXPwuJ5bZY4AsVKllWHECvpLKvVDSLreBpq1mSrQ%2FHs5P%2F%2FsLXd%2FCTwngarTIBUmsE%2FBpg6VLq2tW0xfzCIhyTaRYE6k2ifyyzSLrHaO2CLpi4pnr76wvHwSgRC1ULSyj8n5WzBdByPD06KEkD96zxOqgUCgMdSP9cWRRtwXisRhaLhGA%3D%3D","environmentVariables":{"FIREBASE_CONFIG":"{\"projectId\":\"chatbot-d9174\",\"storageBucket\":\"chatbot-d9174.appspot.com\",\"locationId\":\"us-central\"}","GCLOUD_PROJECT":"chatbot-d9174","EVENTARC_CLOUD_EVENT_SOURCE":"projects/chatbot-d9174/locations/us-central1/functions/chatboteccomers"},"runtime":"nodejs18","buildEnvironmentVariables":{"GOOGLE_NODE_RUN_SCRIPTS":""},"dockerRegistry":"ARTIFACT_REGISTRY"},"versionId":"1","updateTime":"2024-09-19T19:05:21Z","buildId":"112ac5a9-46b6-446c-b44f-7486dd18d758","buildName":"projects/278828509732/locations/us-central1/builds/112ac5a9-46b6-446c-b44f-7486dd18d758"}}
[debug] [2024-09-19T19:05:37.025Z] [create-default-us-central1-chatboteccomers] Retrying task index 0
[debug] [2024-09-19T19:05:37.027Z] >>> [apiv2][query] GET https://cloudfunctions.googleapis.com/v1/operations/Y2hhdGJvdC1kOTE3NC91cy1jZW50cmFsMS9jaGF0Ym90ZWNjb21lcnMvZlZWVjN6WTVNYzQ [none]
[debug] [2024-09-19T19:05:37.265Z] <<< [apiv2][status] GET https://cloudfunctions.googleapis.com/v1/operations/Y2hhdGJvdC1kOTE3NC91cy1jZW50cmFsMS9jaGF0Ym90ZWNjb21lcnMvZlZWVjN6WTVNYzQ 200
[debug] [2024-09-19T19:05:37.266Z] <<< [apiv2][body] GET https://cloudfunctions.googleapis.com/v1/operations/Y2hhdGJvdC1kOTE3NC91cy1jZW50cmFsMS9jaGF0Ym90ZWNjb21lcnMvZlZWVjN6WTVNYzQ {"name":"operations/Y2hhdGJvdC1kOTE3NC91cy1jZW50cmFsMS9jaGF0Ym90ZWNjb21lcnMvZlZWVjN6WTVNYzQ","metadata":{"@type":"type.googleapis.com/google.cloud.functions.v1.OperationMetadataV1","target":"projects/chatbot-d9174/locations/us-central1/functions/chatboteccomers","type":"CREATE_FUNCTION","request":{"@type":"type.googleapis.com/google.cloud.functions.v1.CloudFunction","name":"projects/chatbot-d9174/locations/us-central1/functions/chatboteccomers","httpsTrigger":{"securityLevel":"SECURE_ALWAYS"},"entryPoint":"chatboteccomers","labels":{"deployment-tool":"cli-firebase","firebase-functions-hash":"04dbd5bb41a5d093a12b9079f319215b379ef810"},"sourceUploadUrl":"https://storage.googleapis.com/uploads-347099616733.us-central1.cloudfunctions.appspot.com/1d71ef96-ff66-40d4-901d-a529171241ec.zip?GoogleAccessId=service-278828509732@gcf-admin-robot.iam.gserviceaccount.com&Expires=1726774520&Signature=Wy91Nk%2BD%2BXfjjb5V27AzCy6a6SftqHZvtFc2FU%2FP0L03oX71smRHAs3Aj4Mi%2FbNKgSly5NTJPVEkcQv4xkU%2Bia36stw5pYjqfUhC%2B0TkWKJaHvYJ1d985H0Er7GuMW2F5YMfRz23isARDuCmPxiSmk2AMirSaoAPQ5wAoFXPwuJ5bZY4AsVKllWHECvpLKvVDSLreBpq1mSrQ%2FHs5P%2F%2FsLXd%2FCTwngarTIBUmsE%2FBpg6VLq2tW0xfzCIhyTaRYE6k2ifyyzSLrHaO2CLpi4pnr76wvHwSgRC1ULSyj8n5WzBdByPD06KEkD96zxOqgUCgMdSP9cWRRtwXisRhaLhGA%3D%3D","environmentVariables":{"FIREBASE_CONFIG":"{\"projectId\":\"chatbot-d9174\",\"storageBucket\":\"chatbot-d9174.appspot.com\",\"locationId\":\"us-central\"}","GCLOUD_PROJECT":"chatbot-d9174","EVENTARC_CLOUD_EVENT_SOURCE":"projects/chatbot-d9174/locations/us-central1/functions/chatboteccomers"},"runtime":"nodejs18","buildEnvironmentVariables":{"GOOGLE_NODE_RUN_SCRIPTS":""},"dockerRegistry":"ARTIFACT_REGISTRY"},"versionId":"1","updateTime":"2024-09-19T19:05:21Z","buildId":"112ac5a9-46b6-446c-b44f-7486dd18d758","buildName":"projects/278828509732/locations/us-central1/builds/112ac5a9-46b6-446c-b44f-7486dd18d758"}}
[debug] [2024-09-19T19:05:47.278Z] [create-default-us-central1-chatboteccomers] Retrying task index 0
[debug] [2024-09-19T19:05:47.279Z] >>> [apiv2][query] GET https://cloudfunctions.googleapis.com/v1/operations/Y2hhdGJvdC1kOTE3NC91cy1jZW50cmFsMS9jaGF0Ym90ZWNjb21lcnMvZlZWVjN6WTVNYzQ [none]
[debug] [2024-09-19T19:05:47.512Z] <<< [apiv2][status] GET https://cloudfunctions.googleapis.com/v1/operations/Y2hhdGJvdC1kOTE3NC91cy1jZW50cmFsMS9jaGF0Ym90ZWNjb21lcnMvZlZWVjN6WTVNYzQ 200
[debug] [2024-09-19T19:05:47.512Z] <<< [apiv2][body] GET https://cloudfunctions.googleapis.com/v1/operations/Y2hhdGJvdC1kOTE3NC91cy1jZW50cmFsMS9jaGF0Ym90ZWNjb21lcnMvZlZWVjN6WTVNYzQ {"name":"operations/Y2hhdGJvdC1kOTE3NC91cy1jZW50cmFsMS9jaGF0Ym90ZWNjb21lcnMvZlZWVjN6WTVNYzQ","metadata":{"@type":"type.googleapis.com/google.cloud.functions.v1.OperationMetadataV1","target":"projects/chatbot-d9174/locations/us-central1/functions/chatboteccomers","type":"CREATE_FUNCTION","request":{"@type":"type.googleapis.com/google.cloud.functions.v1.CloudFunction","name":"projects/chatbot-d9174/locations/us-central1/functions/chatboteccomers","httpsTrigger":{"securityLevel":"SECURE_ALWAYS"},"entryPoint":"chatboteccomers","labels":{"deployment-tool":"cli-firebase","firebase-functions-hash":"04dbd5bb41a5d093a12b9079f319215b379ef810"},"sourceUploadUrl":"https://storage.googleapis.com/uploads-347099616733.us-central1.cloudfunctions.appspot.com/1d71ef96-ff66-40d4-901d-a529171241ec.zip?GoogleAccessId=service-278828509732@gcf-admin-robot.iam.gserviceaccount.com&Expires=1726774520&Signature=Wy91Nk%2BD%2BXfjjb5V27AzCy6a6SftqHZvtFc2FU%2FP0L03oX71smRHAs3Aj4Mi%2FbNKgSly5NTJPVEkcQv4xkU%2Bia36stw5pYjqfUhC%2B0TkWKJaHvYJ1d985H0Er7GuMW2F5YMfRz23isARDuCmPxiSmk2AMirSaoAPQ5wAoFXPwuJ5bZY4AsVKllWHECvpLKvVDSLreBpq1mSrQ%2FHs5P%2F%2FsLXd%2FCTwngarTIBUmsE%2FBpg6VLq2tW0xfzCIhyTaRYE6k2ifyyzSLrHaO2CLpi4pnr76wvHwSgRC1ULSyj8n5WzBdByPD06KEkD96zxOqgUCgMdSP9cWRRtwXisRhaLhGA%3D%3D","environmentVariables":{"FIREBASE_CONFIG":"{\"projectId\":\"chatbot-d9174\",\"storageBucket\":\"chatbot-d9174.appspot.com\",\"locationId\":\"us-central\"}","GCLOUD_PROJECT":"chatbot-d9174","EVENTARC_CLOUD_EVENT_SOURCE":"projects/chatbot-d9174/locations/us-central1/functions/chatboteccomers"},"runtime":"nodejs18","buildEnvironmentVariables":{"GOOGLE_NODE_RUN_SCRIPTS":""},"dockerRegistry":"ARTIFACT_REGISTRY"},"versionId":"1","updateTime":"2024-09-19T19:05:21Z","buildId":"112ac5a9-46b6-446c-b44f-7486dd18d758","buildName":"projects/278828509732/locations/us-central1/builds/112ac5a9-46b6-446c-b44f-7486dd18d758"}}
[debug] [2024-09-19T19:05:57.515Z] [create-default-us-central1-chatboteccomers] Retrying task index 0
[debug] [2024-09-19T19:05:57.516Z] >>> [apiv2][query] GET https://cloudfunctions.googleapis.com/v1/operations/Y2hhdGJvdC1kOTE3NC91cy1jZW50cmFsMS9jaGF0Ym90ZWNjb21lcnMvZlZWVjN6WTVNYzQ [none]
[debug] [2024-09-19T19:05:57.761Z] <<< [apiv2][status] GET https://cloudfunctions.googleapis.com/v1/operations/Y2hhdGJvdC1kOTE3NC91cy1jZW50cmFsMS9jaGF0Ym90ZWNjb21lcnMvZlZWVjN6WTVNYzQ 200
[debug] [2024-09-19T19:05:57.762Z] <<< [apiv2][body] GET https://cloudfunctions.googleapis.com/v1/operations/Y2hhdGJvdC1kOTE3NC91cy1jZW50cmFsMS9jaGF0Ym90ZWNjb21lcnMvZlZWVjN6WTVNYzQ {"name":"operations/Y2hhdGJvdC1kOTE3NC91cy1jZW50cmFsMS9jaGF0Ym90ZWNjb21lcnMvZlZWVjN6WTVNYzQ","metadata":{"@type":"type.googleapis.com/google.cloud.functions.v1.OperationMetadataV1","target":"projects/chatbot-d9174/locations/us-central1/functions/chatboteccomers","type":"CREATE_FUNCTION","request":{"@type":"type.googleapis.com/google.cloud.functions.v1.CloudFunction","name":"projects/chatbot-d9174/locations/us-central1/functions/chatboteccomers","httpsTrigger":{"securityLevel":"SECURE_ALWAYS"},"entryPoint":"chatboteccomers","labels":{"deployment-tool":"cli-firebase","firebase-functions-hash":"04dbd5bb41a5d093a12b9079f319215b379ef810"},"sourceUploadUrl":"https://storage.googleapis.com/uploads-347099616733.us-central1.cloudfunctions.appspot.com/1d71ef96-ff66-40d4-901d-a529171241ec.zip?GoogleAccessId=service-278828509732@gcf-admin-robot.iam.gserviceaccount.com&Expires=1726774520&Signature=Wy91Nk%2BD%2BXfjjb5V27AzCy6a6SftqHZvtFc2FU%2FP0L03oX71smRHAs3Aj4Mi%2FbNKgSly5NTJPVEkcQv4xkU%2Bia36stw5pYjqfUhC%2B0TkWKJaHvYJ1d985H0Er7GuMW2F5YMfRz23isARDuCmPxiSmk2AMirSaoAPQ5wAoFXPwuJ5bZY4AsVKllWHECvpLKvVDSLreBpq1mSrQ%2FHs5P%2F%2FsLXd%2FCTwngarTIBUmsE%2FBpg6VLq2tW0xfzCIhyTaRYE6k2ifyyzSLrHaO2CLpi4pnr76wvHwSgRC1ULSyj8n5WzBdByPD06KEkD96zxOqgUCgMdSP9cWRRtwXisRhaLhGA%3D%3D","environmentVariables":{"FIREBASE_CONFIG":"{\"projectId\":\"chatbot-d9174\",\"storageBucket\":\"chatbot-d9174.appspot.com\",\"locationId\":\"us-central\"}","GCLOUD_PROJECT":"chatbot-d9174","EVENTARC_CLOUD_EVENT_SOURCE":"projects/chatbot-d9174/locations/us-central1/functions/chatboteccomers"},"runtime":"nodejs18","buildEnvironmentVariables":{"GOOGLE_NODE_RUN_SCRIPTS":""},"dockerRegistry":"ARTIFACT_REGISTRY"},"versionId":"1","updateTime":"2024-09-19T19:05:58Z","buildId":"112ac5a9-46b6-446c-b44f-7486dd18d758","buildName":"projects/278828509732/locations/us-central1/builds/112ac5a9-46b6-446c-b44f-7486dd18d758"},"done":true,"error":{"code":3,"message":"Build failed: npm warn ERESOLVE overriding peer dependency\nnpm warn While resolving: functions@undefined\nnpm warn Found: actions-on-google@2.14.0\nnpm warn node_modules/actions-on-google\nnpm warn   actions-on-google@\"2.0.0-alpha.3\" from the root project\nnpm warn   1 more (dialogflow-fulfillment)\nnpm warn\nnpm warn Could not resolve dependency:\nnpm warn peer actions-on-google@\"^2.1.3\" from dialogflow-fulfillment@0.4.1\nnpm warn node_modules/dialogflow-fulfillment\nnpm warn   dialogflow-fulfillment@\"^0.4.1\" from the root project\nnpm error code EUSAGE\nnpm error\nnpm error `npm ci` can only install packages when your package.json and package-lock.json or npm-shrinkwrap.json are in sync. Please update your lock file with `npm install` before continuing.\nnpm error\nnpm error Invalid: lock file's actions-on-google@2.14.0 does not satisfy actions-on-google@2.0.0-alpha.3\nnpm error Missing: dialogflow@0.1.0 from lock file\nnpm error Missing: @types/node@9.6.61 from lock file\nnpm error Missing: google-gax@0.14.5 from lock file\nnpm error Missing: lodash.merge@4.6.2 from lock file\nnpm error Missing: lodash.union@4.6.0 from lock file\nnpm error Missing: protobufjs@6.11.4 from lock file\nnpm error Missing: globby@7.1.1 from lock file\nnpm error Missing: google-auto-auth@0.9.7 from lock file\nnpm error Missing: google-proto-files@0.14.2 from lock file\nnpm error Missing: grpc@1.7.3 from lock file\nnpm error Missing: is-stream-ended@0.1.4 from lock file\nnpm error Missing: readable-stream@2.3.8 from lock file\nnpm error Missing: through2@2.0.5 from lock file\nnpm error Missing: array-union@1.0.2 from lock file\nnpm error Missing: dir-glob@2.2.2 from lock file\nnpm error Missing: ignore@3.3.10 from lock file\nnpm error Invalid: lock file's pify@4.0.1 does not satisfy pify@3.0.0\nnpm error Missing: slash@1.0.0 from lock file\nnpm error Missing: array-uniq@1.0.3 from lock file\nnpm error Missing: path-type@3.0.0 from lock file\nnpm error Missing: async@2.6.4 from lock file\nnpm error Missing: gcp-metadata@0.6.3 from lock file\nnpm error Missing: google-auth-library@1.6.1 from lock file\nnpm error Missing: request@2.88.2 from lock file\nnpm error Missing: power-assert@1.6.1 from lock file\nnpm error Missing: prettier@1.19.1 from lock file\nnpm error Missing: protobufjs@6.11.4 from lock file\nnpm error Missing: arguejs@0.2.3 from lock file\nnpm error Missing: nan@2.20.0 from lock file\nnpm error Missing: protobufjs@5.0.3 from lock file\nnpm error Missing: define-properties@1.2.1 from lock file\nnpm error Missing: empower@1.3.1 from lock file\nnpm error Missing: power-assert-formatter@1.4.1 from lock file\nnpm error Missing: universal-deep-strict-equal@1.2.2 from lock file\nnpm error Missing: xtend@4.0.2 from lock file\nnpm error Missing: object-keys@1.1.1 from lock file\nnpm error Missing: core-js@2.6.12 from lock file\nnpm error Missing: empower-core@1.2.0 from lock file\nnpm error Missing: call-signature@0.0.2 from lock file\nnpm error Missing: power-assert-context-formatter@1.2.0 from lock file\nnpm error Missing: power-assert-context-reducer-ast@1.2.0 from lock file\nnpm error Missing: power-assert-renderer-assertion@1.2.0 from lock file\nnpm error Missing: power-assert-renderer-comparison@1.2.0 from lock file\nnpm error Missing: power-assert-renderer-diagram@1.2.0 from lock file\nnpm error Missing: power-assert-renderer-file@1.2.0 from lock file\nnpm error Missing: power-assert-context-traversal@1.2.0 from lock file\nnpm error Missing: acorn@5.7.4 from lock file\nnpm error Missing: acorn-es7-plugin@1.1.7 from lock file\nnpm error Missing: espurify@1.8.1 from lock file\nnpm error Missing: estraverse@4.3.0 from lock file\nnpm error Missing: power-assert-renderer-base@1.1.1 from lock file\nnpm error Missing: power-assert-util-string-width@1.2.0 from lock file\nnpm error Missing: diff-match-patch@1.0.5 from lock file\nnpm error Missing: stringifier@1.4.1 from lock file\nnpm error Missing: type-name@2.0.2 from lock file\nnpm error Missing: eastasianwidth@0.2.0 from lock file\nnpm error Missing: aws-sign2@0.7.0 from lock file\nnpm error Missing: aws4@1.13.2 from lock file\nnpm error Missing: caseless@0.12.0 from lock file\nnpm error Missing: forever-agent@0.6.1 from lock file\nnpm error Missing: form-data@2.3.3 from lock file\nnpm error Missing: har-validator@5.1.5 from lock file\nnpm error Missing: http-signature@1.2.0 from lock file\nnpm error Missing: is-typedarray@1.0.0 from lock file\nnpm error Missing: isstream@0.1.2 from lock file\nnpm error Missing: json-stringify-safe@5.0.1 from lock file\nnpm error Missing: oauth-sign@0.9.0 from lock file\nnpm error Missing: performance-now@2.1.0 from lock file\nnpm error Missing: qs@6.5.3 from lock file\nnpm error Missing: tough-cookie@2.5.0 from lock file\nnpm error Missing: tunnel-agent@0.6.0 from lock file\nnpm error Missing: uuid@3.4.0 from lock file\nnpm error Missing: ajv@6.12.6 from lock file\nnpm error Missing: har-schema@2.0.0 from lock file\nnpm error Missing: json-schema-traverse@0.4.1 from lock file\nnpm error Missing: uri-js@4.4.1 from lock file\nnpm error Missing: assert-plus@1.0.0 from lock file\nnpm error Missing: jsprim@1.4.2 from lock file\nnpm error Missing: sshpk@1.18.0 from lock file\nnpm error Missing: extsprintf@1.3.0 from lock file\nnpm error Missing: json-schema@0.4.0 from lock file\nnpm error Missing: verror@1.10.0 from lock file\nnpm error Missing: asn1@0.2.6 from lock file\nnpm error Missing: bcrypt-pbkdf@1.0.2 from lock file\nnpm error Missing: dashdash@1.14.1 from lock file\nnpm error Missing: ecc-jsbn@0.1.2 from lock file\nnpm error Missing: getpass@0.1.7 from lock file\nnpm error Missing: jsbn@0.1.1 from lock file\nnpm error Missing: tweetnacl@0.14.5 from lock file\nnpm error Missing: traverse@0.6.10 from lock file\nnpm error Missing: readable-stream@2.3.8 from lock file\nnpm error Missing: psl@1.9.0 from lock file\nnpm error Missing: punycode@2.3.1 from lock file\nnpm error Missing: typedarray.prototype.slice@1.0.3 from lock file\nnpm error Missing: which-typed-array@1.1.15 from lock file\nnpm error Missing: es-abstract@1.23.3 from lock file\nnpm error Missing: typed-array-buffer@1.0.2 from lock file\nnpm error Missing: typed-array-byte-offset@1.0.2 from lock file\nnpm error Missing: array-buffer-byte-length@1.0.1 from lock file\nnpm error Missing: arraybuffer.prototype.slice@1.0.3 from lock file\nnpm error Missing: available-typed-arrays@1.0.7 from lock file\nnpm error Missing: data-view-buffer@1.0.1 from lock file\nnpm error Missing: data-view-byte-length@1.0.1 from lock file\nnpm error Missing: data-view-byte-offset@1.0.0 from lock file\nnpm error Missing: es-object-atoms@1.0.0 from lock file\nnpm error Missing: es-set-tostringtag@2.0.3 from lock file\nnpm error Missing: es-to-primitive@1.2.1 from lock file\nnpm error Missing: function.prototype.name@1.1.6 from lock file\nnpm error Missing: get-symbol-description@1.0.2 from lock file\nnpm error Missing: globalthis@1.0.4 from lock file\nnpm error Missing: internal-slot@1.0.7 from lock file\nnpm error Missing: is-array-buffer@3.0.4 from lock file\nnpm error Missing: is-callable@1.2.7 from lock file\nnpm error Missing: is-data-view@1.0.1 from lock file\nnpm error Missing: is-negative-zero@2.0.3 from lock file\nnpm error Missing: is-regex@1.1.4 from lock file\nnpm error Missing: is-shared-array-buffer@1.0.3 from lock file\nnpm error Missing: is-string@1.0.7 from lock file\nnpm error Missing: is-typed-array@1.1.13 from lock file\nnpm error Missing: is-weakref@1.0.2 from lock file\nnpm error Missing: object.assign@4.1.5 from lock file\nnpm error Missing: regexp.prototype.flags@1.5.2 from lock file\nnpm error Missing: safe-array-concat@1.1.2 from lock file\nnpm error Missing: safe-regex-test@1.0.3 from lock file\nnpm error Missing: string.prototype.trim@1.2.9 from lock file\nnpm error Missing: string.prototype.trimend@1.0.8 from lock file\nnpm error Missing: string.prototype.trimstart@1.0.8 from lock file\nnpm error Missing: typed-array-byte-length@1.0.1 from lock file\nnpm error Missing: typed-array-length@1.0.6 from lock file\nnpm error Missing: unbox-primitive@1.0.2 from lock file\nnpm error Missing: possible-typed-array-names@1.0.0 from lock file\nnpm error Missing: has-tostringtag@1.0.2 from lock file\nnpm error Missing: is-date-object@1.0.5 from lock file\nnpm error Missing: is-symbol@1.0.4 from lock file\nnpm error Missing: functions-have-names@1.2.3 from lock file\nnpm error Missing: set-function-name@2.0.2 from lock file\nnpm error Missing: isarray@2.0.5 from lock file\nnpm error Missing: for-each@0.3.3 from lock file\nnpm error Missing: has-bigints@1.0.2 from lock file\nnpm error Missing: which-boxed-primitive@1.0.2 from lock file\nnpm error Missing: array-filter@1.0.0 from lock file\nnpm error Missing: indexof@0.0.1 from lock file\nnpm error Missing: core-util-is@1.0.2 from lock file\nnpm error Missing: is-bigint@1.0.4 from lock file\nnpm error Missing: is-boolean-object@1.1.2 from lock file\nnpm error Missing: is-number-object@1.0.7 from lock file\nnpm error Missing: long@4.0.0 from lock file\nnpm error Missing: isarray@1.0.0 from lock file\nnpm error Missing: process-nextick-args@2.0.1 from lock file\nnpm error Missing: safe-buffer@5.1.2 from lock file\nnpm error Missing: string_decoder@1.1.1 from lock file\nnpm error Missing: gtoken@2.3.3 from lock file\nnpm error Missing: jws@3.2.2 from lock file\nnpm error Missing: lru-cache@4.1.5 from lock file\nnpm error Missing: gaxios@1.8.4 from lock file\nnpm error Missing: mime@2.6.0 from lock file\nnpm error Missing: pify@4.0.1 from lock file\nnpm error Missing: pify@4.0.1 from lock file\nnpm error Missing: https-proxy-agent@2.2.4 from lock file\nnpm error Missing: agent-base@4.3.0 from lock file\nnpm error Missing: debug@3.2.7 from lock file\nnpm error Missing: ms@2.1.3 from lock file\nnpm error Missing: jwa@1.4.1 from lock file\nnpm error Missing: yallist@2.1.2 from lock file\nnpm error Missing: long@4.0.0 from lock file\nnpm error Missing: ascli@1.0.1 from lock file\nnpm error Missing: bytebuffer@5.0.1 from lock file\nnpm error Missing: yargs@3.32.0 from lock file\nnpm error Missing: colour@0.7.1 from lock file\nnpm error Missing: optjs@3.2.2 from lock file\nnpm error Missing: long@3.2.0 from lock file\nnpm error Missing: camelcase@2.1.1 from lock file\nnpm error Missing: cliui@3.2.0 from lock file\nnpm error Missing: decamelize@1.2.0 from lock file\nnpm error Missing: os-locale@1.4.0 from lock file\nnpm error Missing: string-width@1.0.2 from lock file\nnpm error Missing: window-size@0.1.4 from lock file\nnpm error Missing: y18n@3.2.2 from lock file\nnpm error Missing: lcid@1.0.0 from lock file\nnpm error Missing: invert-kv@1.0.0 from lock file\nnpm error Missing: strip-ansi@3.0.1 from lock file\nnpm error Missing: wrap-ansi@2.1.0 from lock file\nnpm error Missing: code-point-at@1.1.0 from lock file\nnpm error Missing: is-fullwidth-code-point@1.0.0 from lock file\nnpm error Missing: number-is-nan@1.0.1 from lock file\nnpm error Missing: ansi-regex@2.1.1 from lock file\nnpm error Missing: isarray@1.0.0 from lock file\nnpm error Missing: safe-buffer@5.1.2 from lock file\nnpm error Missing: string_decoder@1.1.1 from lock file\nnpm error\nnpm error Clean install a project\nnpm error\nnpm error Usage:\nnpm error npm ci\nnpm error\nnpm error Options:\nnpm error [--install-strategy <hoisted|nested|shallow|linked>] [--legacy-bundling]\nnpm error [--global-style] [--omit <dev|optional|peer> [--omit <dev|optional|peer> ...]]\nnpm error [--include <prod|dev|optional|peer> [--include <prod|dev|optional|peer> ...]]\nnpm error [--strict-peer-deps] [--foreground-scripts] [--ignore-scripts] [--no-audit]\nnpm error [--no-bin-links] [--no-fund] [--dry-run]\nnpm error [-w|--workspace <workspace-name> [-w|--workspace <workspace-name> ...]]\nnpm error [-ws|--workspaces] [--include-workspace-root] [--install-links]\nnpm error\nnpm error aliases: clean-install, ic, install-clean, isntall-clean\nnpm error\nnpm error Run \"npm help ci\" for more info\n\nnpm error A complete log of this run can be found in: /www-data-home/.npm/_logs/2024-09-19T19_05_38_811Z-debug-0.log; Error ID: beaf8772"}}
[debug] [2024-09-19T19:05:57.762Z] Got source token undefined for region us-central1
[error] Build failed: npm warn ERESOLVE overriding peer dependency
npm warn While resolving: functions@undefined
npm warn Found: actions-on-google@2.14.0
npm warn node_modules/actions-on-google
npm warn   actions-on-google@"2.0.0-alpha.3" from the root project
npm warn   1 more (dialogflow-fulfillment)
npm warn
npm warn Could not resolve dependency:
npm warn peer actions-on-google@"^2.1.3" from dialogflow-fulfillment@0.4.1
npm warn node_modules/dialogflow-fulfillment
npm warn   dialogflow-fulfillment@"^0.4.1" from the root project
npm error code EUSAGE
npm error
npm error `npm ci` can only install packages when your package.json and package-lock.json or npm-shrinkwrap.json are in sync. Please update your lock file with `npm install` before continuing.
npm error
npm error Invalid: lock file's actions-on-google@2.14.0 does not satisfy actions-on-google@2.0.0-alpha.3
npm error Missing: dialogflow@0.1.0 from lock file
npm error Missing: @types/node@9.6.61 from lock file
npm error Missing: google-gax@0.14.5 from lock file
npm error Missing: lodash.merge@4.6.2 from lock file
npm error Missing: lodash.union@4.6.0 from lock file
npm error Missing: protobufjs@6.11.4 from lock file
npm error Missing: globby@7.1.1 from lock file
npm error Missing: google-auto-auth@0.9.7 from lock file
npm error Missing: google-proto-files@0.14.2 from lock file
npm error Missing: grpc@1.7.3 from lock file
npm error Missing: is-stream-ended@0.1.4 from lock file
npm error Missing: readable-stream@2.3.8 from lock file
npm error Missing: through2@2.0.5 from lock file
npm error Missing: array-union@1.0.2 from lock file
npm error Missing: dir-glob@2.2.2 from lock file
npm error Missing: ignore@3.3.10 from lock file
npm error Invalid: lock file's pify@4.0.1 does not satisfy pify@3.0.0
npm error Missing: slash@1.0.0 from lock file
npm error Missing: array-uniq@1.0.3 from lock file
npm error Missing: path-type@3.0.0 from lock file
npm error Missing: async@2.6.4 from lock file
npm error Missing: gcp-metadata@0.6.3 from lock file
npm error Missing: google-auth-library@1.6.1 from lock file
npm error Missing: request@2.88.2 from lock file
npm error Missing: power-assert@1.6.1 from lock file
npm error Missing: prettier@1.19.1 from lock file
npm error Missing: protobufjs@6.11.4 from lock file
npm error Missing: arguejs@0.2.3 from lock file
npm error Missing: nan@2.20.0 from lock file
npm error Missing: protobufjs@5.0.3 from lock file
npm error Missing: define-properties@1.2.1 from lock file
npm error Missing: empower@1.3.1 from lock file
npm error Missing: power-assert-formatter@1.4.1 from lock file
npm error Missing: universal-deep-strict-equal@1.2.2 from lock file
npm error Missing: xtend@4.0.2 from lock file
npm error Missing: object-keys@1.1.1 from lock file
npm error Missing: core-js@2.6.12 from lock file
npm error Missing: empower-core@1.2.0 from lock file
npm error Missing: call-signature@0.0.2 from lock file
npm error Missing: power-assert-context-formatter@1.2.0 from lock file
npm error Missing: power-assert-context-reducer-ast@1.2.0 from lock file
npm error Missing: power-assert-renderer-assertion@1.2.0 from lock file
npm error Missing: power-assert-renderer-comparison@1.2.0 from lock file
npm error Missing: power-assert-renderer-diagram@1.2.0 from lock file
npm error Missing: power-assert-renderer-file@1.2.0 from lock file
npm error Missing: power-assert-context-traversal@1.2.0 from lock file
npm error Missing: acorn@5.7.4 from lock file
npm error Missing: acorn-es7-plugin@1.1.7 from lock file
npm error Missing: espurify@1.8.1 from lock file
npm error Missing: estraverse@4.3.0 from lock file
npm error Missing: power-assert-renderer-base@1.1.1 from lock file
npm error Missing: power-assert-util-string-width@1.2.0 from lock file
npm error Missing: diff-match-patch@1.0.5 from lock file
npm error Missing: stringifier@1.4.1 from lock file
npm error Missing: type-name@2.0.2 from lock file
npm error Missing: eastasianwidth@0.2.0 from lock file
npm error Missing: aws-sign2@0.7.0 from lock file
npm error Missing: aws4@1.13.2 from lock file
npm error Missing: caseless@0.12.0 from lock file
npm error Missing: forever-agent@0.6.1 from lock file
npm error Missing: form-data@2.3.3 from lock file
npm error Missing: har-validator@5.1.5 from lock file
npm error Missing: http-signature@1.2.0 from lock file
npm error Missing: is-typedarray@1.0.0 from lock file
npm error Missing: isstream@0.1.2 from lock file
npm error Missing: json-stringify-safe@5.0.1 from lock file
npm error Missing: oauth-sign@0.9.0 from lock file
npm error Missing: performance-now@2.1.0 from lock file
npm error Missing: qs@6.5.3 from lock file
npm error Missing: tough-cookie@2.5.0 from lock file
npm error Missing: tunnel-agent@0.6.0 from lock file
npm error Missing: uuid@3.4.0 from lock file
npm error Missing: ajv@6.12.6 from lock file
npm error Missing: har-schema@2.0.0 from lock file
npm error Missing: json-schema-traverse@0.4.1 from lock file
npm error Missing: uri-js@4.4.1 from lock file
npm error Missing: assert-plus@1.0.0 from lock file
npm error Missing: jsprim@1.4.2 from lock file
npm error Missing: sshpk@1.18.0 from lock file
npm error Missing: extsprintf@1.3.0 from lock file
npm error Missing: json-schema@0.4.0 from lock file
npm error Missing: verror@1.10.0 from lock file
npm error Missing: asn1@0.2.6 from lock file
npm error Missing: bcrypt-pbkdf@1.0.2 from lock file
npm error Missing: dashdash@1.14.1 from lock file
npm error Missing: ecc-jsbn@0.1.2 from lock file
npm error Missing: getpass@0.1.7 from lock file
npm error Missing: jsbn@0.1.1 from lock file
npm error Missing: tweetnacl@0.14.5 from lock file
npm error Missing: traverse@0.6.10 from lock file
npm error Missing: readable-stream@2.3.8 from lock file
npm error Missing: psl@1.9.0 from lock file
npm error Missing: punycode@2.3.1 from lock file
npm error Missing: typedarray.prototype.slice@1.0.3 from lock file
npm error Missing: which-typed-array@1.1.15 from lock file
npm error Missing: es-abstract@1.23.3 from lock file
npm error Missing: typed-array-buffer@1.0.2 from lock file
npm error Missing: typed-array-byte-offset@1.0.2 from lock file
npm error Missing: array-buffer-byte-length@1.0.1 from lock file
npm error Missing: arraybuffer.prototype.slice@1.0.3 from lock file
npm error Missing: available-typed-arrays@1.0.7 from lock file
npm error Missing: data-view-buffer@1.0.1 from lock file
npm error Missing: data-view-byte-length@1.0.1 from lock file
npm error Missing: data-view-byte-offset@1.0.0 from lock file
npm error Missing: es-object-atoms@1.0.0 from lock file
npm error Missing: es-set-tostringtag@2.0.3 from lock file
npm error Missing: es-to-primitive@1.2.1 from lock file
npm error Missing: function.prototype.name@1.1.6 from lock file
npm error Missing: get-symbol-description@1.0.2 from lock file
npm error Missing: globalthis@1.0.4 from lock file
npm error Missing: internal-slot@1.0.7 from lock file
npm error Missing: is-array-buffer@3.0.4 from lock file
npm error Missing: is-callable@1.2.7 from lock file
npm error Missing: is-data-view@1.0.1 from lock file
npm error Missing: is-negative-zero@2.0.3 from lock file
npm error Missing: is-regex@1.1.4 from lock file
npm error Missing: is-shared-array-buffer@1.0.3 from lock file
npm error Missing: is-string@1.0.7 from lock file
npm error Missing: is-typed-array@1.1.13 from lock file
npm error Missing: is-weakref@1.0.2 from lock file
npm error Missing: object.assign@4.1.5 from lock file
npm error Missing: regexp.prototype.flags@1.5.2 from lock file
npm error Missing: safe-array-concat@1.1.2 from lock file
npm error Missing: safe-regex-test@1.0.3 from lock file
npm error Missing: string.prototype.trim@1.2.9 from lock file
npm error Missing: string.prototype.trimend@1.0.8 from lock file
npm error Missing: string.prototype.trimstart@1.0.8 from lock file
npm error Missing: typed-array-byte-length@1.0.1 from lock file
npm error Missing: typed-array-length@1.0.6 from lock file
npm error Missing: unbox-primitive@1.0.2 from lock file
npm error Missing: possible-typed-array-names@1.0.0 from lock file
npm error Missing: has-tostringtag@1.0.2 from lock file
npm error Missing: is-date-object@1.0.5 from lock file
npm error Missing: is-symbol@1.0.4 from lock file
npm error Missing: functions-have-names@1.2.3 from lock file
npm error Missing: set-function-name@2.0.2 from lock file
npm error Missing: isarray@2.0.5 from lock file
npm error Missing: for-each@0.3.3 from lock file
npm error Missing: has-bigints@1.0.2 from lock file
npm error Missing: which-boxed-primitive@1.0.2 from lock file
npm error Missing: array-filter@1.0.0 from lock file
npm error Missing: indexof@0.0.1 from lock file
npm error Missing: core-util-is@1.0.2 from lock file
npm error Missing: is-bigint@1.0.4 from lock file
npm error Missing: is-boolean-object@1.1.2 from lock file
npm error Missing: is-number-object@1.0.7 from lock file
npm error Missing: long@4.0.0 from lock file
npm error Missing: isarray@1.0.0 from lock file
npm error Missing: process-nextick-args@2.0.1 from lock file
npm error Missing: safe-buffer@5.1.2 from lock file
npm error Missing: string_decoder@1.1.1 from lock file
npm error Missing: gtoken@2.3.3 from lock file
npm error Missing: jws@3.2.2 from lock file
npm error Missing: lru-cache@4.1.5 from lock file
npm error Missing: gaxios@1.8.4 from lock file
npm error Missing: mime@2.6.0 from lock file
npm error Missing: pify@4.0.1 from lock file
npm error Missing: pify@4.0.1 from lock file
npm error Missing: https-proxy-agent@2.2.4 from lock file
npm error Missing: agent-base@4.3.0 from lock file
npm error Missing: debug@3.2.7 from lock file
npm error Missing: ms@2.1.3 from lock file
npm error Missing: jwa@1.4.1 from lock file
npm error Missing: yallist@2.1.2 from lock file
npm error Missing: long@4.0.0 from lock file
npm error Missing: ascli@1.0.1 from lock file
npm error Missing: bytebuffer@5.0.1 from lock file
npm error Missing: yargs@3.32.0 from lock file
npm error Missing: colour@0.7.1 from lock file
npm error Missing: optjs@3.2.2 from lock file
npm error Missing: long@3.2.0 from lock file
npm error Missing: camelcase@2.1.1 from lock file
npm error Missing: cliui@3.2.0 from lock file
npm error Missing: decamelize@1.2.0 from lock file
npm error Missing: os-locale@1.4.0 from lock file
npm error Missing: string-width@1.0.2 from lock file
npm error Missing: window-size@0.1.4 from lock file
npm error Missing: y18n@3.2.2 from lock file
npm error Missing: lcid@1.0.0 from lock file
npm error Missing: invert-kv@1.0.0 from lock file
npm error Missing: strip-ansi@3.0.1 from lock file
npm error Missing: wrap-ansi@2.1.0 from lock file
npm error Missing: code-point-at@1.1.0 from lock file
npm error Missing: is-fullwidth-code-point@1.0.0 from lock file
npm error Missing: number-is-nan@1.0.1 from lock file
npm error Missing: ansi-regex@2.1.1 from lock file
npm error Missing: isarray@1.0.0 from lock file
npm error Missing: safe-buffer@5.1.2 from lock file
npm error Missing: string_decoder@1.1.1 from lock file
npm error
npm error Clean install a project
npm error
npm error Usage:
npm error npm ci
npm error
npm error Options:
npm error [--install-strategy <hoisted|nested|shallow|linked>] [--legacy-bundling]
npm error [--global-style] [--omit <dev|optional|peer> [--omit <dev|optional|peer> ...]]
npm error [--include <prod|dev|optional|peer> [--include <prod|dev|optional|peer> ...]]
npm error [--strict-peer-deps] [--foreground-scripts] [--ignore-scripts] [--no-audit]
npm error [--no-bin-links] [--no-fund] [--dry-run]
npm error [-w|--workspace <workspace-name> [-w|--workspace <workspace-name> ...]]
npm error [-ws|--workspaces] [--include-workspace-root] [--install-links]
npm error
npm error aliases: clean-install, ic, install-clean, isntall-clean
npm error
npm error Run "npm help ci" for more info

npm error A complete log of this run can be found in: /www-data-home/.npm/_logs/2024-09-19T19_05_38_811Z-debug-0.log; Error ID: beaf8772
[debug] [2024-09-19T19:05:57.899Z] Total Function Deployment time: 38107
[debug] [2024-09-19T19:05:57.899Z] 1 Functions Deployed
[debug] [2024-09-19T19:05:57.899Z] 1 Functions Errored
[debug] [2024-09-19T19:05:57.899Z] 0 Function Deployments Aborted
[debug] [2024-09-19T19:05:57.900Z] Average Function Deployment time: 38104
[info] 
[info] Functions deploy had errors with the following functions:
	chatboteccomers(us-central1)
[debug] [2024-09-19T19:05:58.058Z] Not printing URL for HTTPS function. Typically this means it didn't match a filter or we failed deployment
[info] i  functions: cleaning up build files... 
[debug] [2024-09-19T19:05:58.061Z] >>> [apiv2][query] DELETE https://artifactregistry.googleapis.com/v1beta2/projects/chatbot-d9174/locations/us-central1/repositories/gcf-artifacts/packages/chatboteccomers [none]
[debug] [2024-09-19T19:05:58.063Z] >>> [apiv2][query] GET https://us.gcr.io/v2/chatbot-d9174/gcf/us-central1/tags/list [none]
[debug] [2024-09-19T19:05:58.295Z] <<< [apiv2][status] DELETE https://artifactregistry.googleapis.com/v1beta2/projects/chatbot-d9174/locations/us-central1/repositories/gcf-artifacts/packages/chatboteccomers 404
[debug] [2024-09-19T19:05:58.295Z] <<< [apiv2][body] DELETE https://artifactregistry.googleapis.com/v1beta2/projects/chatbot-d9174/locations/us-central1/repositories/gcf-artifacts/packages/chatboteccomers {"error":{"code":404,"message":"Package \"projects/chatbot-d9174/locations/us-central1/repositories/gcf-artifacts/packages/chatboteccomers\" was not found.","status":"NOT_FOUND"}}
[debug] [2024-09-19T19:05:58.314Z] <<< [apiv2][status] GET https://us.gcr.io/v2/chatbot-d9174/gcf/us-central1/tags/list 404
[debug] [2024-09-19T19:05:58.314Z] <<< [apiv2][body] GET https://us.gcr.io/v2/chatbot-d9174/gcf/us-central1/tags/list {"errors":[{"code":"NAME_UNKNOWN","message":"Repository \"us.gcr.io\" not found"}]}
[debug] [2024-09-19T19:05:58.315Z] Failed docker command with error  HTTP Error: 404, Not Found {"name":"FirebaseError","children":[],"context":{"body":{"errors":[{"code":"NAME_UNKNOWN","message":"Repository \"us.gcr.io\" not found"}],"error":{"message":"Not Found"}},"response":{"statusCode":404}},"exit":1,"message":"HTTP Error: 404, Not Found","status":404}
[debug] [2024-09-19T19:05:58.318Z] >>> [apiv2][query] GET https://us.gcr.io/v2/chatbot-d9174/gcf/us-central1/tags/list [none]
[debug] [2024-09-19T19:05:58.550Z] <<< [apiv2][status] GET https://us.gcr.io/v2/chatbot-d9174/gcf/us-central1/tags/list 404
[debug] [2024-09-19T19:05:58.551Z] <<< [apiv2][body] GET https://us.gcr.io/v2/chatbot-d9174/gcf/us-central1/tags/list {"errors":[{"code":"NAME_UNKNOWN","message":"Repository \"us.gcr.io\" not found"}]}
[debug] [2024-09-19T19:05:58.551Z] Failed docker command with error  HTTP Error: 404, Not Found {"name":"FirebaseError","children":[],"context":{"body":{"errors":[{"code":"NAME_UNKNOWN","message":"Repository \"us.gcr.io\" not found"}],"error":{"message":"Not Found"}},"response":{"statusCode":404}},"exit":1,"message":"HTTP Error: 404, Not Found","status":404}
[debug] [2024-09-19T19:05:58.666Z] >>> [apiv2][query] GET https://us.gcr.io/v2/chatbot-d9174/gcf/us-central1/tags/list [none]
[debug] [2024-09-19T19:05:58.892Z] <<< [apiv2][status] GET https://us.gcr.io/v2/chatbot-d9174/gcf/us-central1/tags/list 404
[debug] [2024-09-19T19:05:58.892Z] <<< [apiv2][body] GET https://us.gcr.io/v2/chatbot-d9174/gcf/us-central1/tags/list {"errors":[{"code":"NAME_UNKNOWN","message":"Repository \"us.gcr.io\" not found"}]}
[debug] [2024-09-19T19:05:58.894Z] Failed docker command with error  HTTP Error: 404, Not Found {"name":"FirebaseError","children":[],"context":{"body":{"errors":[{"code":"NAME_UNKNOWN","message":"Repository \"us.gcr.io\" not found"}],"error":{"message":"Not Found"}},"response":{"statusCode":404}},"exit":1,"message":"HTTP Error: 404, Not Found","status":404}
[warn] !  functions: Unhandled error cleaning up build images. This could result in a small monthly bill if not corrected. You can attempt to delete these images by redeploying or you can delete them manually at https://console.cloud.google.com/gcr/images/chatbot-d9174/us/gcf 
[debug] [2024-09-19T19:05:58.900Z] Functions deploy failed.
[debug] [2024-09-19T19:05:58.900Z] {
  "endpoint": {
    "id": "chatboteccomers",
    "project": "chatbot-d9174",
    "region": "us-central1",
    "entryPoint": "chatboteccomers",
    "platform": "gcfv1",
    "runtime": "nodejs18",
    "httpsTrigger": {},
    "ingressSettings": null,
    "availableMemoryMb": null,
    "serviceAccount": null,
    "timeoutSeconds": null,
    "maxInstances": null,
    "minInstances": null,
    "vpc": null,
    "environmentVariables": {
      "FIREBASE_CONFIG": "{\"projectId\":\"chatbot-d9174\",\"storageBucket\":\"chatbot-d9174.appspot.com\",\"locationId\":\"us-central\"}",
      "GCLOUD_PROJECT": "chatbot-d9174",
      "EVENTARC_CLOUD_EVENT_SOURCE": "projects/chatbot-d9174/locations/us-central1/functions/chatboteccomers"
    },
    "codebase": "default",
    "targetedByOnly": false,
    "hash": "04dbd5bb41a5d093a12b9079f319215b379ef810",
    "labels": {
      "deployment-tool": "cli-firebase"
    }
  },
  "op": "create",
  "original": {
    "name": "FirebaseError",
    "children": [],
    "exit": 1,
    "message": "Build failed: npm warn ERESOLVE overriding peer dependency\nnpm warn While resolving: functions@undefined\nnpm warn Found: actions-on-google@2.14.0\nnpm warn node_modules/actions-on-google\nnpm warn   actions-on-google@\"2.0.0-alpha.3\" from the root project\nnpm warn   1 more (dialogflow-fulfillment)\nnpm warn\nnpm warn Could not resolve dependency:\nnpm warn peer actions-on-google@\"^2.1.3\" from dialogflow-fulfillment@0.4.1\nnpm warn node_modules/dialogflow-fulfillment\nnpm warn   dialogflow-fulfillment@\"^0.4.1\" from the root project\nnpm error code EUSAGE\nnpm error\nnpm error `npm ci` can only install packages when your package.json and package-lock.json or npm-shrinkwrap.json are in sync. Please update your lock file with `npm install` before continuing.\nnpm error\nnpm error Invalid: lock file's actions-on-google@2.14.0 does not satisfy actions-on-google@2.0.0-alpha.3\nnpm error Missing: dialogflow@0.1.0 from lock file\nnpm error Missing: @types/node@9.6.61 from lock file\nnpm error Missing: google-gax@0.14.5 from lock file\nnpm error Missing: lodash.merge@4.6.2 from lock file\nnpm error Missing: lodash.union@4.6.0 from lock file\nnpm error Missing: protobufjs@6.11.4 from lock file\nnpm error Missing: globby@7.1.1 from lock file\nnpm error Missing: google-auto-auth@0.9.7 from lock file\nnpm error Missing: google-proto-files@0.14.2 from lock file\nnpm error Missing: grpc@1.7.3 from lock file\nnpm error Missing: is-stream-ended@0.1.4 from lock file\nnpm error Missing: readable-stream@2.3.8 from lock file\nnpm error Missing: through2@2.0.5 from lock file\nnpm error Missing: array-union@1.0.2 from lock file\nnpm error Missing: dir-glob@2.2.2 from lock file\nnpm error Missing: ignore@3.3.10 from lock file\nnpm error Invalid: lock file's pify@4.0.1 does not satisfy pify@3.0.0\nnpm error Missing: slash@1.0.0 from lock file\nnpm error Missing: array-uniq@1.0.3 from lock file\nnpm error Missing: path-type@3.0.0 from lock file\nnpm error Missing: async@2.6.4 from lock file\nnpm error Missing: gcp-metadata@0.6.3 from lock file\nnpm error Missing: google-auth-library@1.6.1 from lock file\nnpm error Missing: request@2.88.2 from lock file\nnpm error Missing: power-assert@1.6.1 from lock file\nnpm error Missing: prettier@1.19.1 from lock file\nnpm error Missing: protobufjs@6.11.4 from lock file\nnpm error Missing: arguejs@0.2.3 from lock file\nnpm error Missing: nan@2.20.0 from lock file\nnpm error Missing: protobufjs@5.0.3 from lock file\nnpm error Missing: define-properties@1.2.1 from lock file\nnpm error Missing: empower@1.3.1 from lock file\nnpm error Missing: power-assert-formatter@1.4.1 from lock file\nnpm error Missing: universal-deep-strict-equal@1.2.2 from lock file\nnpm error Missing: xtend@4.0.2 from lock file\nnpm error Missing: object-keys@1.1.1 from lock file\nnpm error Missing: core-js@2.6.12 from lock file\nnpm error Missing: empower-core@1.2.0 from lock file\nnpm error Missing: call-signature@0.0.2 from lock file\nnpm error Missing: power-assert-context-formatter@1.2.0 from lock file\nnpm error Missing: power-assert-context-reducer-ast@1.2.0 from lock file\nnpm error Missing: power-assert-renderer-assertion@1.2.0 from lock file\nnpm error Missing: power-assert-renderer-comparison@1.2.0 from lock file\nnpm error Missing: power-assert-renderer-diagram@1.2.0 from lock file\nnpm error Missing: power-assert-renderer-file@1.2.0 from lock file\nnpm error Missing: power-assert-context-traversal@1.2.0 from lock file\nnpm error Missing: acorn@5.7.4 from lock file\nnpm error Missing: acorn-es7-plugin@1.1.7 from lock file\nnpm error Missing: espurify@1.8.1 from lock file\nnpm error Missing: estraverse@4.3.0 from lock file\nnpm error Missing: power-assert-renderer-base@1.1.1 from lock file\nnpm error Missing: power-assert-util-string-width@1.2.0 from lock file\nnpm error Missing: diff-match-patch@1.0.5 from lock file\nnpm error Missing: stringifier@1.4.1 from lock file\nnpm error Missing: type-name@2.0.2 from lock file\nnpm error Missing: eastasianwidth@0.2.0 from lock file\nnpm error Missing: aws-sign2@0.7.0 from lock file\nnpm error Missing: aws4@1.13.2 from lock file\nnpm error Missing: caseless@0.12.0 from lock file\nnpm error Missing: forever-agent@0.6.1 from lock file\nnpm error Missing: form-data@2.3.3 from lock file\nnpm error Missing: har-validator@5.1.5 from lock file\nnpm error Missing: http-signature@1.2.0 from lock file\nnpm error Missing: is-typedarray@1.0.0 from lock file\nnpm error Missing: isstream@0.1.2 from lock file\nnpm error Missing: json-stringify-safe@5.0.1 from lock file\nnpm error Missing: oauth-sign@0.9.0 from lock file\nnpm error Missing: performance-now@2.1.0 from lock file\nnpm error Missing: qs@6.5.3 from lock file\nnpm error Missing: tough-cookie@2.5.0 from lock file\nnpm error Missing: tunnel-agent@0.6.0 from lock file\nnpm error Missing: uuid@3.4.0 from lock file\nnpm error Missing: ajv@6.12.6 from lock file\nnpm error Missing: har-schema@2.0.0 from lock file\nnpm error Missing: json-schema-traverse@0.4.1 from lock file\nnpm error Missing: uri-js@4.4.1 from lock file\nnpm error Missing: assert-plus@1.0.0 from lock file\nnpm error Missing: jsprim@1.4.2 from lock file\nnpm error Missing: sshpk@1.18.0 from lock file\nnpm error Missing: extsprintf@1.3.0 from lock file\nnpm error Missing: json-schema@0.4.0 from lock file\nnpm error Missing: verror@1.10.0 from lock file\nnpm error Missing: asn1@0.2.6 from lock file\nnpm error Missing: bcrypt-pbkdf@1.0.2 from lock file\nnpm error Missing: dashdash@1.14.1 from lock file\nnpm error Missing: ecc-jsbn@0.1.2 from lock file\nnpm error Missing: getpass@0.1.7 from lock file\nnpm error Missing: jsbn@0.1.1 from lock file\nnpm error Missing: tweetnacl@0.14.5 from lock file\nnpm error Missing: traverse@0.6.10 from lock file\nnpm error Missing: readable-stream@2.3.8 from lock file\nnpm error Missing: psl@1.9.0 from lock file\nnpm error Missing: punycode@2.3.1 from lock file\nnpm error Missing: typedarray.prototype.slice@1.0.3 from lock file\nnpm error Missing: which-typed-array@1.1.15 from lock file\nnpm error Missing: es-abstract@1.23.3 from lock file\nnpm error Missing: typed-array-buffer@1.0.2 from lock file\nnpm error Missing: typed-array-byte-offset@1.0.2 from lock file\nnpm error Missing: array-buffer-byte-length@1.0.1 from lock file\nnpm error Missing: arraybuffer.prototype.slice@1.0.3 from lock file\nnpm error Missing: available-typed-arrays@1.0.7 from lock file\nnpm error Missing: data-view-buffer@1.0.1 from lock file\nnpm error Missing: data-view-byte-length@1.0.1 from lock file\nnpm error Missing: data-view-byte-offset@1.0.0 from lock file\nnpm error Missing: es-object-atoms@1.0.0 from lock file\nnpm error Missing: es-set-tostringtag@2.0.3 from lock file\nnpm error Missing: es-to-primitive@1.2.1 from lock file\nnpm error Missing: function.prototype.name@1.1.6 from lock file\nnpm error Missing: get-symbol-description@1.0.2 from lock file\nnpm error Missing: globalthis@1.0.4 from lock file\nnpm error Missing: internal-slot@1.0.7 from lock file\nnpm error Missing: is-array-buffer@3.0.4 from lock file\nnpm error Missing: is-callable@1.2.7 from lock file\nnpm error Missing: is-data-view@1.0.1 from lock file\nnpm error Missing: is-negative-zero@2.0.3 from lock file\nnpm error Missing: is-regex@1.1.4 from lock file\nnpm error Missing: is-shared-array-buffer@1.0.3 from lock file\nnpm error Missing: is-string@1.0.7 from lock file\nnpm error Missing: is-typed-array@1.1.13 from lock file\nnpm error Missing: is-weakref@1.0.2 from lock file\nnpm error Missing: object.assign@4.1.5 from lock file\nnpm error Missing: regexp.prototype.flags@1.5.2 from lock file\nnpm error Missing: safe-array-concat@1.1.2 from lock file\nnpm error Missing: safe-regex-test@1.0.3 from lock file\nnpm error Missing: string.prototype.trim@1.2.9 from lock file\nnpm error Missing: string.prototype.trimend@1.0.8 from lock file\nnpm error Missing: string.prototype.trimstart@1.0.8 from lock file\nnpm error Missing: typed-array-byte-length@1.0.1 from lock file\nnpm error Missing: typed-array-length@1.0.6 from lock file\nnpm error Missing: unbox-primitive@1.0.2 from lock file\nnpm error Missing: possible-typed-array-names@1.0.0 from lock file\nnpm error Missing: has-tostringtag@1.0.2 from lock file\nnpm error Missing: is-date-object@1.0.5 from lock file\nnpm error Missing: is-symbol@1.0.4 from lock file\nnpm error Missing: functions-have-names@1.2.3 from lock file\nnpm error Missing: set-function-name@2.0.2 from lock file\nnpm error Missing: isarray@2.0.5 from lock file\nnpm error Missing: for-each@0.3.3 from lock file\nnpm error Missing: has-bigints@1.0.2 from lock file\nnpm error Missing: which-boxed-primitive@1.0.2 from lock file\nnpm error Missing: array-filter@1.0.0 from lock file\nnpm error Missing: indexof@0.0.1 from lock file\nnpm error Missing: core-util-is@1.0.2 from lock file\nnpm error Missing: is-bigint@1.0.4 from lock file\nnpm error Missing: is-boolean-object@1.1.2 from lock file\nnpm error Missing: is-number-object@1.0.7 from lock file\nnpm error Missing: long@4.0.0 from lock file\nnpm error Missing: isarray@1.0.0 from lock file\nnpm error Missing: process-nextick-args@2.0.1 from lock file\nnpm error Missing: safe-buffer@5.1.2 from lock file\nnpm error Missing: string_decoder@1.1.1 from lock file\nnpm error Missing: gtoken@2.3.3 from lock file\nnpm error Missing: jws@3.2.2 from lock file\nnpm error Missing: lru-cache@4.1.5 from lock file\nnpm error Missing: gaxios@1.8.4 from lock file\nnpm error Missing: mime@2.6.0 from lock file\nnpm error Missing: pify@4.0.1 from lock file\nnpm error Missing: pify@4.0.1 from lock file\nnpm error Missing: https-proxy-agent@2.2.4 from lock file\nnpm error Missing: agent-base@4.3.0 from lock file\nnpm error Missing: debug@3.2.7 from lock file\nnpm error Missing: ms@2.1.3 from lock file\nnpm error Missing: jwa@1.4.1 from lock file\nnpm error Missing: yallist@2.1.2 from lock file\nnpm error Missing: long@4.0.0 from lock file\nnpm error Missing: ascli@1.0.1 from lock file\nnpm error Missing: bytebuffer@5.0.1 from lock file\nnpm error Missing: yargs@3.32.0 from lock file\nnpm error Missing: colour@0.7.1 from lock file\nnpm error Missing: optjs@3.2.2 from lock file\nnpm error Missing: long@3.2.0 from lock file\nnpm error Missing: camelcase@2.1.1 from lock file\nnpm error Missing: cliui@3.2.0 from lock file\nnpm error Missing: decamelize@1.2.0 from lock file\nnpm error Missing: os-locale@1.4.0 from lock file\nnpm error Missing: string-width@1.0.2 from lock file\nnpm error Missing: window-size@0.1.4 from lock file\nnpm error Missing: y18n@3.2.2 from lock file\nnpm error Missing: lcid@1.0.0 from lock file\nnpm error Missing: invert-kv@1.0.0 from lock file\nnpm error Missing: strip-ansi@3.0.1 from lock file\nnpm error Missing: wrap-ansi@2.1.0 from lock file\nnpm error Missing: code-point-at@1.1.0 from lock file\nnpm error Missing: is-fullwidth-code-point@1.0.0 from lock file\nnpm error Missing: number-is-nan@1.0.1 from lock file\nnpm error Missing: ansi-regex@2.1.1 from lock file\nnpm error Missing: isarray@1.0.0 from lock file\nnpm error Missing: safe-buffer@5.1.2 from lock file\nnpm error Missing: string_decoder@1.1.1 from lock file\nnpm error\nnpm error Clean install a project\nnpm error\nnpm error Usage:\nnpm error npm ci\nnpm error\nnpm error Options:\nnpm error [--install-strategy <hoisted|nested|shallow|linked>] [--legacy-bundling]\nnpm error [--global-style] [--omit <dev|optional|peer> [--omit <dev|optional|peer> ...]]\nnpm error [--include <prod|dev|optional|peer> [--include <prod|dev|optional|peer> ...]]\nnpm error [--strict-peer-deps] [--foreground-scripts] [--ignore-scripts] [--no-audit]\nnpm error [--no-bin-links] [--no-fund] [--dry-run]\nnpm error [-w|--workspace <workspace-name> [-w|--workspace <workspace-name> ...]]\nnpm error [-ws|--workspaces] [--include-workspace-root] [--install-links]\nnpm error\nnpm error aliases: clean-install, ic, install-clean, isntall-clean\nnpm error\nnpm error Run \"npm help ci\" for more info\n\nnpm error A complete log of this run can be found in: /www-data-home/.npm/_logs/2024-09-19T19_05_38_811Z-debug-0.log; Error ID: beaf8772",
    "original": {
      "code": 3,
      "message": "Build failed: npm warn ERESOLVE overriding peer dependency\nnpm warn While resolving: functions@undefined\nnpm warn Found: actions-on-google@2.14.0\nnpm warn node_modules/actions-on-google\nnpm warn   actions-on-google@\"2.0.0-alpha.3\" from the root project\nnpm warn   1 more (dialogflow-fulfillment)\nnpm warn\nnpm warn Could not resolve dependency:\nnpm warn peer actions-on-google@\"^2.1.3\" from dialogflow-fulfillment@0.4.1\nnpm warn node_modules/dialogflow-fulfillment\nnpm warn   dialogflow-fulfillment@\"^0.4.1\" from the root project\nnpm error code EUSAGE\nnpm error\nnpm error `npm ci` can only install packages when your package.json and package-lock.json or npm-shrinkwrap.json are in sync. Please update your lock file with `npm install` before continuing.\nnpm error\nnpm error Invalid: lock file's actions-on-google@2.14.0 does not satisfy actions-on-google@2.0.0-alpha.3\nnpm error Missing: dialogflow@0.1.0 from lock file\nnpm error Missing: @types/node@9.6.61 from lock file\nnpm error Missing: google-gax@0.14.5 from lock file\nnpm error Missing: lodash.merge@4.6.2 from lock file\nnpm error Missing: lodash.union@4.6.0 from lock file\nnpm error Missing: protobufjs@6.11.4 from lock file\nnpm error Missing: globby@7.1.1 from lock file\nnpm error Missing: google-auto-auth@0.9.7 from lock file\nnpm error Missing: google-proto-files@0.14.2 from lock file\nnpm error Missing: grpc@1.7.3 from lock file\nnpm error Missing: is-stream-ended@0.1.4 from lock file\nnpm error Missing: readable-stream@2.3.8 from lock file\nnpm error Missing: through2@2.0.5 from lock file\nnpm error Missing: array-union@1.0.2 from lock file\nnpm error Missing: dir-glob@2.2.2 from lock file\nnpm error Missing: ignore@3.3.10 from lock file\nnpm error Invalid: lock file's pify@4.0.1 does not satisfy pify@3.0.0\nnpm error Missing: slash@1.0.0 from lock file\nnpm error Missing: array-uniq@1.0.3 from lock file\nnpm error Missing: path-type@3.0.0 from lock file\nnpm error Missing: async@2.6.4 from lock file\nnpm error Missing: gcp-metadata@0.6.3 from lock file\nnpm error Missing: google-auth-library@1.6.1 from lock file\nnpm error Missing: request@2.88.2 from lock file\nnpm error Missing: power-assert@1.6.1 from lock file\nnpm error Missing: prettier@1.19.1 from lock file\nnpm error Missing: protobufjs@6.11.4 from lock file\nnpm error Missing: arguejs@0.2.3 from lock file\nnpm error Missing: nan@2.20.0 from lock file\nnpm error Missing: protobufjs@5.0.3 from lock file\nnpm error Missing: define-properties@1.2.1 from lock file\nnpm error Missing: empower@1.3.1 from lock file\nnpm error Missing: power-assert-formatter@1.4.1 from lock file\nnpm error Missing: universal-deep-strict-equal@1.2.2 from lock file\nnpm error Missing: xtend@4.0.2 from lock file\nnpm error Missing: object-keys@1.1.1 from lock file\nnpm error Missing: core-js@2.6.12 from lock file\nnpm error Missing: empower-core@1.2.0 from lock file\nnpm error Missing: call-signature@0.0.2 from lock file\nnpm error Missing: power-assert-context-formatter@1.2.0 from lock file\nnpm error Missing: power-assert-context-reducer-ast@1.2.0 from lock file\nnpm error Missing: power-assert-renderer-assertion@1.2.0 from lock file\nnpm error Missing: power-assert-renderer-comparison@1.2.0 from lock file\nnpm error Missing: power-assert-renderer-diagram@1.2.0 from lock file\nnpm error Missing: power-assert-renderer-file@1.2.0 from lock file\nnpm error Missing: power-assert-context-traversal@1.2.0 from lock file\nnpm error Missing: acorn@5.7.4 from lock file\nnpm error Missing: acorn-es7-plugin@1.1.7 from lock file\nnpm error Missing: espurify@1.8.1 from lock file\nnpm error Missing: estraverse@4.3.0 from lock file\nnpm error Missing: power-assert-renderer-base@1.1.1 from lock file\nnpm error Missing: power-assert-util-string-width@1.2.0 from lock file\nnpm error Missing: diff-match-patch@1.0.5 from lock file\nnpm error Missing: stringifier@1.4.1 from lock file\nnpm error Missing: type-name@2.0.2 from lock file\nnpm error Missing: eastasianwidth@0.2.0 from lock file\nnpm error Missing: aws-sign2@0.7.0 from lock file\nnpm error Missing: aws4@1.13.2 from lock file\nnpm error Missing: caseless@0.12.0 from lock file\nnpm error Missing: forever-agent@0.6.1 from lock file\nnpm error Missing: form-data@2.3.3 from lock file\nnpm error Missing: har-validator@5.1.5 from lock file\nnpm error Missing: http-signature@1.2.0 from lock file\nnpm error Missing: is-typedarray@1.0.0 from lock file\nnpm error Missing: isstream@0.1.2 from lock file\nnpm error Missing: json-stringify-safe@5.0.1 from lock file\nnpm error Missing: oauth-sign@0.9.0 from lock file\nnpm error Missing: performance-now@2.1.0 from lock file\nnpm error Missing: qs@6.5.3 from lock file\nnpm error Missing: tough-cookie@2.5.0 from lock file\nnpm error Missing: tunnel-agent@0.6.0 from lock file\nnpm error Missing: uuid@3.4.0 from lock file\nnpm error Missing: ajv@6.12.6 from lock file\nnpm error Missing: har-schema@2.0.0 from lock file\nnpm error Missing: json-schema-traverse@0.4.1 from lock file\nnpm error Missing: uri-js@4.4.1 from lock file\nnpm error Missing: assert-plus@1.0.0 from lock file\nnpm error Missing: jsprim@1.4.2 from lock file\nnpm error Missing: sshpk@1.18.0 from lock file\nnpm error Missing: extsprintf@1.3.0 from lock file\nnpm error Missing: json-schema@0.4.0 from lock file\nnpm error Missing: verror@1.10.0 from lock file\nnpm error Missing: asn1@0.2.6 from lock file\nnpm error Missing: bcrypt-pbkdf@1.0.2 from lock file\nnpm error Missing: dashdash@1.14.1 from lock file\nnpm error Missing: ecc-jsbn@0.1.2 from lock file\nnpm error Missing: getpass@0.1.7 from lock file\nnpm error Missing: jsbn@0.1.1 from lock file\nnpm error Missing: tweetnacl@0.14.5 from lock file\nnpm error Missing: traverse@0.6.10 from lock file\nnpm error Missing: readable-stream@2.3.8 from lock file\nnpm error Missing: psl@1.9.0 from lock file\nnpm error Missing: punycode@2.3.1 from lock file\nnpm error Missing: typedarray.prototype.slice@1.0.3 from lock file\nnpm error Missing: which-typed-array@1.1.15 from lock file\nnpm error Missing: es-abstract@1.23.3 from lock file\nnpm error Missing: typed-array-buffer@1.0.2 from lock file\nnpm error Missing: typed-array-byte-offset@1.0.2 from lock file\nnpm error Missing: array-buffer-byte-length@1.0.1 from lock file\nnpm error Missing: arraybuffer.prototype.slice@1.0.3 from lock file\nnpm error Missing: available-typed-arrays@1.0.7 from lock file\nnpm error Missing: data-view-buffer@1.0.1 from lock file\nnpm error Missing: data-view-byte-length@1.0.1 from lock file\nnpm error Missing: data-view-byte-offset@1.0.0 from lock file\nnpm error Missing: es-object-atoms@1.0.0 from lock file\nnpm error Missing: es-set-tostringtag@2.0.3 from lock file\nnpm error Missing: es-to-primitive@1.2.1 from lock file\nnpm error Missing: function.prototype.name@1.1.6 from lock file\nnpm error Missing: get-symbol-description@1.0.2 from lock file\nnpm error Missing: globalthis@1.0.4 from lock file\nnpm error Missing: internal-slot@1.0.7 from lock file\nnpm error Missing: is-array-buffer@3.0.4 from lock file\nnpm error Missing: is-callable@1.2.7 from lock file\nnpm error Missing: is-data-view@1.0.1 from lock file\nnpm error Missing: is-negative-zero@2.0.3 from lock file\nnpm error Missing: is-regex@1.1.4 from lock file\nnpm error Missing: is-shared-array-buffer@1.0.3 from lock file\nnpm error Missing: is-string@1.0.7 from lock file\nnpm error Missing: is-typed-array@1.1.13 from lock file\nnpm error Missing: is-weakref@1.0.2 from lock file\nnpm error Missing: object.assign@4.1.5 from lock file\nnpm error Missing: regexp.prototype.flags@1.5.2 from lock file\nnpm error Missing: safe-array-concat@1.1.2 from lock file\nnpm error Missing: safe-regex-test@1.0.3 from lock file\nnpm error Missing: string.prototype.trim@1.2.9 from lock file\nnpm error Missing: string.prototype.trimend@1.0.8 from lock file\nnpm error Missing: string.prototype.trimstart@1.0.8 from lock file\nnpm error Missing: typed-array-byte-length@1.0.1 from lock file\nnpm error Missing: typed-array-length@1.0.6 from lock file\nnpm error Missing: unbox-primitive@1.0.2 from lock file\nnpm error Missing: possible-typed-array-names@1.0.0 from lock file\nnpm error Missing: has-tostringtag@1.0.2 from lock file\nnpm error Missing: is-date-object@1.0.5 from lock file\nnpm error Missing: is-symbol@1.0.4 from lock file\nnpm error Missing: functions-have-names@1.2.3 from lock file\nnpm error Missing: set-function-name@2.0.2 from lock file\nnpm error Missing: isarray@2.0.5 from lock file\nnpm error Missing: for-each@0.3.3 from lock file\nnpm error Missing: has-bigints@1.0.2 from lock file\nnpm error Missing: which-boxed-primitive@1.0.2 from lock file\nnpm error Missing: array-filter@1.0.0 from lock file\nnpm error Missing: indexof@0.0.1 from lock file\nnpm error Missing: core-util-is@1.0.2 from lock file\nnpm error Missing: is-bigint@1.0.4 from lock file\nnpm error Missing: is-boolean-object@1.1.2 from lock file\nnpm error Missing: is-number-object@1.0.7 from lock file\nnpm error Missing: long@4.0.0 from lock file\nnpm error Missing: isarray@1.0.0 from lock file\nnpm error Missing: process-nextick-args@2.0.1 from lock file\nnpm error Missing: safe-buffer@5.1.2 from lock file\nnpm error Missing: string_decoder@1.1.1 from lock file\nnpm error Missing: gtoken@2.3.3 from lock file\nnpm error Missing: jws@3.2.2 from lock file\nnpm error Missing: lru-cache@4.1.5 from lock file\nnpm error Missing: gaxios@1.8.4 from lock file\nnpm error Missing: mime@2.6.0 from lock file\nnpm error Missing: pify@4.0.1 from lock file\nnpm error Missing: pify@4.0.1 from lock file\nnpm error Missing: https-proxy-agent@2.2.4 from lock file\nnpm error Missing: agent-base@4.3.0 from lock file\nnpm error Missing: debug@3.2.7 from lock file\nnpm error Missing: ms@2.1.3 from lock file\nnpm error Missing: jwa@1.4.1 from lock file\nnpm error Missing: yallist@2.1.2 from lock file\nnpm error Missing: long@4.0.0 from lock file\nnpm error Missing: ascli@1.0.1 from lock file\nnpm error Missing: bytebuffer@5.0.1 from lock file\nnpm error Missing: yargs@3.32.0 from lock file\nnpm error Missing: colour@0.7.1 from lock file\nnpm error Missing: optjs@3.2.2 from lock file\nnpm error Missing: long@3.2.0 from lock file\nnpm error Missing: camelcase@2.1.1 from lock file\nnpm error Missing: cliui@3.2.0 from lock file\nnpm error Missing: decamelize@1.2.0 from lock file\nnpm error Missing: os-locale@1.4.0 from lock file\nnpm error Missing: string-width@1.0.2 from lock file\nnpm error Missing: window-size@0.1.4 from lock file\nnpm error Missing: y18n@3.2.2 from lock file\nnpm error Missing: lcid@1.0.0 from lock file\nnpm error Missing: invert-kv@1.0.0 from lock file\nnpm error Missing: strip-ansi@3.0.1 from lock file\nnpm error Missing: wrap-ansi@2.1.0 from lock file\nnpm error Missing: code-point-at@1.1.0 from lock file\nnpm error Missing: is-fullwidth-code-point@1.0.0 from lock file\nnpm error Missing: number-is-nan@1.0.1 from lock file\nnpm error Missing: ansi-regex@2.1.1 from lock file\nnpm error Missing: isarray@1.0.0 from lock file\nnpm error Missing: safe-buffer@5.1.2 from lock file\nnpm error Missing: string_decoder@1.1.1 from lock file\nnpm error\nnpm error Clean install a project\nnpm error\nnpm error Usage:\nnpm error npm ci\nnpm error\nnpm error Options:\nnpm error [--install-strategy <hoisted|nested|shallow|linked>] [--legacy-bundling]\nnpm error [--global-style] [--omit <dev|optional|peer> [--omit <dev|optional|peer> ...]]\nnpm error [--include <prod|dev|optional|peer> [--include <prod|dev|optional|peer> ...]]\nnpm error [--strict-peer-deps] [--foreground-scripts] [--ignore-scripts] [--no-audit]\nnpm error [--no-bin-links] [--no-fund] [--dry-run]\nnpm error [-w|--workspace <workspace-name> [-w|--workspace <workspace-name> ...]]\nnpm error [-ws|--workspaces] [--include-workspace-root] [--install-links]\nnpm error\nnpm error aliases: clean-install, ic, install-clean, isntall-clean\nnpm error\nnpm error Run \"npm help ci\" for more info\n\nnpm error A complete log of this run can be found in: /www-data-home/.npm/_logs/2024-09-19T19_05_38_811Z-debug-0.log; Error ID: beaf8772"
    },
    "status": 3,
    "code": 3
  }
}
[debug] [2024-09-19T19:05:59.050Z] Error: Failed to create function chatboteccomers in region us-central1
    at C:\Users\Wendy\AppData\Roaming\npm\node_modules\firebase-tools\lib\deploy\functions\release\fabricator.js:52:11
    at process.processTicksAndRejections (node:internal/process/task_queues:95:5)
    at async Fabricator.createV1Function (C:\Users\Wendy\AppData\Roaming\npm\node_modules\firebase-tools\lib\deploy\functions\release\fabricator.js:182:32)
    at async Fabricator.createEndpoint (C:\Users\Wendy\AppData\Roaming\npm\node_modules\firebase-tools\lib\deploy\functions\release\fabricator.js:134:13)
    at async handle (C:\Users\Wendy\AppData\Roaming\npm\node_modules\firebase-tools\lib\deploy\functions\release\fabricator.js:89:17)
[error] 
[error] Error: There was an error deploying functions
