[debug] [2024-09-06T22:58:27.521Z] ----------------------------------------------------------------------
[debug] [2024-09-06T22:58:27.529Z] Command:       C:\Program Files\nodejs\node.exe C:\Users\Wendy\AppData\Roaming\npm\node_modules\firebase-tools\lib\bin\firebase.js init
[debug] [2024-09-06T22:58:27.531Z] CLI Version:   13.2.1
[debug] [2024-09-06T22:58:27.531Z] Platform:      win32
[debug] [2024-09-06T22:58:27.532Z] Node Version:  v20.11.0
[debug] [2024-09-06T22:58:27.532Z] Time:          Fri Sep 06 2024 16:58:27 GMT-0600 (GMT-06:00)
[debug] [2024-09-06T22:58:27.532Z] ----------------------------------------------------------------------
[debug] 
[debug] [2024-09-06T22:58:27.582Z] >>> [apiv2][query] GET https://firebase-public.firebaseio.com/cli.json [none]
[debug] [2024-09-06T22:58:27.820Z] > command requires scopes: ["email","openid","https://www.googleapis.com/auth/cloudplatformprojects.readonly","https://www.googleapis.com/auth/firebase","https://www.googleapis.com/auth/cloud-platform"]
[debug] [2024-09-06T22:58:27.821Z] > authorizing via signed-in user (axelsoaw@gmail.com)
[info] 
     ######## #### ########  ######## ########     ###     ######  ########
     ##        ##  ##     ## ##       ##     ##  ##   ##  ##       ##
     ######    ##  ########  ######   ########  #########  ######  ######
     ##        ##  ##    ##  ##       ##     ## ##     ##       ## ##
     ##       #### ##     ## ######## ########  ##     ##  ######  ########

You're about to initialize a Firebase project in this directory:

  C:\Users\Wendy

Before we get started, keep in mind:

  * You are initializing within an existing Firebase project directory

[debug] [2024-09-06T22:58:28.198Z] <<< [apiv2][status] GET https://firebase-public.firebaseio.com/cli.json 200
[debug] [2024-09-06T22:58:28.198Z] <<< [apiv2][body] GET https://firebase-public.firebaseio.com/cli.json {"cloudBuildErrorAfter":1594252800000,"cloudBuildWarnAfter":1590019200000,"defaultNode10After":1594252800000,"minVersion":"3.0.5","node8DeploysDisabledAfter":1613390400000,"node8RuntimeDisabledAfter":1615809600000,"node8WarnAfter":1600128000000}
[info] 
=== Project Setup
[info] 
[info] First, let's associate this project directory with a Firebase project.
[info] You can create multiple project aliases by running firebase use --add, 
[info] but for now we'll just set up a default project.
[info] 
[debug] [2024-09-06T23:00:23.065Z] Using project from CLI flag: axelsaws
[debug] [2024-09-06T23:00:23.071Z] > refreshing access token with scopes: []
[debug] [2024-09-06T23:00:23.072Z] >>> [apiv2][query] POST https://www.googleapis.com/oauth2/v3/token [none]
[debug] [2024-09-06T23:00:23.072Z] >>> [apiv2][body] POST https://www.googleapis.com/oauth2/v3/token [omitted]
[debug] [2024-09-06T23:00:23.282Z] <<< [apiv2][status] POST https://www.googleapis.com/oauth2/v3/token 200
[debug] [2024-09-06T23:00:23.282Z] <<< [apiv2][body] POST https://www.googleapis.com/oauth2/v3/token [omitted]
[debug] [2024-09-06T23:00:23.447Z] >>> [apiv2][query] GET https://firebase.googleapis.com/v1beta1/projects/axelsaws [none]
[debug] [2024-09-06T23:00:23.794Z] <<< [apiv2][status] GET https://firebase.googleapis.com/v1beta1/projects/axelsaws 200
[debug] [2024-09-06T23:00:23.794Z] <<< [apiv2][body] GET https://firebase.googleapis.com/v1beta1/projects/axelsaws {"projectId":"axelsaws","projectNumber":"72844102482","displayName":"AxelSAWS","name":"projects/axelsaws","resources":{"hostingSite":"axelsaws","realtimeDatabaseInstance":"axelsaws-default-rtdb","storageBucket":"axelsaws.appspot.com","locationId":"us-central"},"state":"ACTIVE","etag":"1_8b308fbe-c278-4aba-a2d7-1a02285cbad4"}
[info] i  Using project axelsaws (AxelSAWS) 
[info] 
=== Firestore Setup
[debug] [2024-09-06T23:00:23.871Z] >>> [apiv2][query] GET https://serviceusage.googleapis.com/v1/projects/axelsaws/services/firestore.googleapis.com [none]
[debug] [2024-09-06T23:00:23.871Z] >>> [apiv2][(partial)header] GET https://serviceusage.googleapis.com/v1/projects/axelsaws/services/firestore.googleapis.com x-goog-quota-user=projects/axelsaws
[debug] [2024-09-06T23:00:24.412Z] <<< [apiv2][status] GET https://serviceusage.googleapis.com/v1/projects/axelsaws/services/firestore.googleapis.com 200
[debug] [2024-09-06T23:00:24.412Z] <<< [apiv2][body] GET https://serviceusage.googleapis.com/v1/projects/axelsaws/services/firestore.googleapis.com [omitted]
[debug] [2024-09-06T23:00:24.413Z] >>> [apiv2][query] GET https://firestore.googleapis.com/v1/projects/axelsaws/databases/(default) [none]
[debug] [2024-09-06T23:00:24.822Z] <<< [apiv2][status] GET https://firestore.googleapis.com/v1/projects/axelsaws/databases/(default) 200
[debug] [2024-09-06T23:00:24.822Z] <<< [apiv2][body] GET https://firestore.googleapis.com/v1/projects/axelsaws/databases/(default) {"name":"projects/axelsaws/databases/(default)","uid":"5a8f782b-2a25-42b6-a782-f7bf4746593b","createTime":"2024-03-27T02:50:54.214920Z","updateTime":"2024-03-27T02:50:54.214920Z","locationId":"nam5","type":"FIRESTORE_NATIVE","concurrencyMode":"PESSIMISTIC","versionRetentionPeriod":"3600s","earliestVersionTime":"2024-09-06T22:00:24.911977Z","appEngineIntegrationMode":"DISABLED","keyPrefix":"s","pointInTimeRecoveryEnablement":"POINT_IN_TIME_RECOVERY_DISABLED","deleteProtectionState":"DELETE_PROTECTION_DISABLED","etag":"IKWy9fq1r4gDMPql4KCslYUD"}
[debug] [2024-09-06T23:00:24.822Z] database_type: FIRESTORE_NATIVE
[debug] [2024-09-06T23:00:24.822Z] > command requires scopes: ["email","openid","https://www.googleapis.com/auth/cloudplatformprojects.readonly","https://www.googleapis.com/auth/firebase","https://www.googleapis.com/auth/cloud-platform"]
[debug] [2024-09-06T23:00:24.823Z] > authorizing via signed-in user (axelsoaw@gmail.com)
[debug] [2024-09-06T23:00:24.823Z] [iam] checking project axelsaws for permissions ["firebase.projects.get"]
[debug] [2024-09-06T23:00:24.824Z] >>> [apiv2][query] POST https://cloudresourcemanager.googleapis.com/v1/projects/axelsaws:testIamPermissions [none]
[debug] [2024-09-06T23:00:24.824Z] >>> [apiv2][(partial)header] POST https://cloudresourcemanager.googleapis.com/v1/projects/axelsaws:testIamPermissions x-goog-quota-user=projects/axelsaws
[debug] [2024-09-06T23:00:24.824Z] >>> [apiv2][body] POST https://cloudresourcemanager.googleapis.com/v1/projects/axelsaws:testIamPermissions {"permissions":["firebase.projects.get"]}
[debug] [2024-09-06T23:00:25.219Z] <<< [apiv2][status] POST https://cloudresourcemanager.googleapis.com/v1/projects/axelsaws:testIamPermissions 200
[debug] [2024-09-06T23:00:25.219Z] <<< [apiv2][body] POST https://cloudresourcemanager.googleapis.com/v1/projects/axelsaws:testIamPermissions {"permissions":["firebase.projects.get"]}
[info] 
[info] Firestore Security Rules allow you to define how and when to allow
[info] requests. You can keep these rules in your project directory
[info] and publish them with firebase deploy.
[info] 
[debug] [2024-09-06T23:01:22.977Z] >>> [apiv2][query] GET https://firebaserules.googleapis.com/v1/projects/axelsaws/releases pageSize=10&pageToken=
[debug] [2024-09-06T23:01:23.344Z] <<< [apiv2][status] GET https://firebaserules.googleapis.com/v1/projects/axelsaws/releases 200
[debug] [2024-09-06T23:01:23.344Z] <<< [apiv2][body] GET https://firebaserules.googleapis.com/v1/projects/axelsaws/releases {"releases":[{"name":"projects/axelsaws/releases/cloud.firestore","rulesetName":"projects/axelsaws/rulesets/5a4ab1ee-47f5-40fd-9ed0-0d072522d5f3","createTime":"2024-03-27T02:50:55.936740Z","updateTime":"2024-03-27T21:50:07.312078Z"},{"name":"projects/axelsaws/releases/firebase.storage/axelsaws.appspot.com","rulesetName":"projects/axelsaws/rulesets/9728aaa9-d1e8-4565-9b61-15402a5e4ee1","createTime":"2024-03-28T05:07:40.022840Z","updateTime":"2024-03-28T05:07:40.022840Z"}]}
[debug] [2024-09-06T23:01:23.432Z] Found ruleset: projects/axelsaws/rulesets/5a4ab1ee-47f5-40fd-9ed0-0d072522d5f3
[debug] [2024-09-06T23:01:23.433Z] >>> [apiv2][query] GET https://firebaserules.googleapis.com/v1/projects/axelsaws/rulesets/5a4ab1ee-47f5-40fd-9ed0-0d072522d5f3 [none]
[debug] [2024-09-06T23:01:23.575Z] <<< [apiv2][status] GET https://firebaserules.googleapis.com/v1/projects/axelsaws/rulesets/5a4ab1ee-47f5-40fd-9ed0-0d072522d5f3 200
[debug] [2024-09-06T23:01:23.575Z] <<< [apiv2][body] GET https://firebaserules.googleapis.com/v1/projects/axelsaws/rulesets/5a4ab1ee-47f5-40fd-9ed0-0d072522d5f3 [omitted]
[info] 
[info] Firestore indexes allow you to perform complex queries while
[info] maintaining performance that scales with the size of the result
[info] set. You can keep index definitions in your project directory
[info] and publish them with firebase deploy.
[info] 
[debug] [2024-09-06T23:01:27.584Z] >>> [apiv2][query] GET https://firestore.googleapis.com/v1/projects/axelsaws/databases/(default)/collectionGroups/-/indexes [none]
[debug] [2024-09-06T23:01:27.587Z] >>> [apiv2][query] GET https://firestore.googleapis.com/v1/projects/axelsaws/databases/(default)/collectionGroups/-/fields?filter=indexConfig.usesAncestorConfig=false OR ttlConfig:* [none]
[debug] [2024-09-06T23:01:28.003Z] <<< [apiv2][status] GET https://firestore.googleapis.com/v1/projects/axelsaws/databases/(default)/collectionGroups/-/fields?filter=indexConfig.usesAncestorConfig=false OR ttlConfig:* 200
[debug] [2024-09-06T23:01:28.003Z] <<< [apiv2][body] GET https://firestore.googleapis.com/v1/projects/axelsaws/databases/(default)/collectionGroups/-/fields?filter=indexConfig.usesAncestorConfig=false OR ttlConfig:* {"fields":[{"name":"projects/axelsaws/databases/(default)/collectionGroups/__default__/fields/*","indexConfig":{"indexes":[{"queryScope":"COLLECTION","fields":[{"fieldPath":"*","order":"ASCENDING"}],"state":"READY"},{"queryScope":"COLLECTION","fields":[{"fieldPath":"*","order":"DESCENDING"}],"state":"READY"},{"queryScope":"COLLECTION","fields":[{"fieldPath":"*","arrayConfig":"CONTAINS"}],"state":"READY"}]}}]}
[debug] [2024-09-06T23:01:28.004Z] <<< [apiv2][status] GET https://firestore.googleapis.com/v1/projects/axelsaws/databases/(default)/collectionGroups/-/indexes 200
[debug] [2024-09-06T23:01:28.004Z] <<< [apiv2][body] GET https://firestore.googleapis.com/v1/projects/axelsaws/databases/(default)/collectionGroups/-/indexes {}
[info] 
=== Functions Setup
[debug] [2024-09-06T23:01:28.006Z] > command requires scopes: ["email","openid","https://www.googleapis.com/auth/cloudplatformprojects.readonly","https://www.googleapis.com/auth/firebase","https://www.googleapis.com/auth/cloud-platform"]
[debug] [2024-09-06T23:01:28.007Z] > authorizing via signed-in user (axelsoaw@gmail.com)
[debug] [2024-09-06T23:01:28.007Z] [iam] checking project axelsaws for permissions ["firebase.projects.get"]
[debug] [2024-09-06T23:01:28.007Z] >>> [apiv2][query] POST https://cloudresourcemanager.googleapis.com/v1/projects/axelsaws:testIamPermissions [none]
[debug] [2024-09-06T23:01:28.007Z] >>> [apiv2][(partial)header] POST https://cloudresourcemanager.googleapis.com/v1/projects/axelsaws:testIamPermissions x-goog-quota-user=projects/axelsaws
[debug] [2024-09-06T23:01:28.008Z] >>> [apiv2][body] POST https://cloudresourcemanager.googleapis.com/v1/projects/axelsaws:testIamPermissions {"permissions":["firebase.projects.get"]}
[debug] [2024-09-06T23:01:28.327Z] <<< [apiv2][status] POST https://cloudresourcemanager.googleapis.com/v1/projects/axelsaws:testIamPermissions 200
[debug] [2024-09-06T23:01:28.327Z] <<< [apiv2][body] POST https://cloudresourcemanager.googleapis.com/v1/projects/axelsaws:testIamPermissions {"permissions":["firebase.projects.get"]}
[debug] [2024-09-06T23:01:28.328Z] >>> [apiv2][query] GET https://serviceusage.googleapis.com/v1/projects/axelsaws/services/cloudfunctions.googleapis.com [none]
[debug] [2024-09-06T23:01:28.329Z] >>> [apiv2][(partial)header] GET https://serviceusage.googleapis.com/v1/projects/axelsaws/services/cloudfunctions.googleapis.com x-goog-quota-user=projects/axelsaws
[debug] [2024-09-06T23:01:28.332Z] >>> [apiv2][query] GET https://serviceusage.googleapis.com/v1/projects/axelsaws/services/runtimeconfig.googleapis.com [none]
[debug] [2024-09-06T23:01:28.332Z] >>> [apiv2][(partial)header] GET https://serviceusage.googleapis.com/v1/projects/axelsaws/services/runtimeconfig.googleapis.com x-goog-quota-user=projects/axelsaws
[debug] [2024-09-06T23:01:28.790Z] <<< [apiv2][status] GET https://serviceusage.googleapis.com/v1/projects/axelsaws/services/runtimeconfig.googleapis.com 200
[debug] [2024-09-06T23:01:28.790Z] <<< [apiv2][body] GET https://serviceusage.googleapis.com/v1/projects/axelsaws/services/runtimeconfig.googleapis.com [omitted]
[debug] [2024-09-06T23:01:28.793Z] <<< [apiv2][status] GET https://serviceusage.googleapis.com/v1/projects/axelsaws/services/cloudfunctions.googleapis.com 200
[debug] [2024-09-06T23:01:28.794Z] <<< [apiv2][body] GET https://serviceusage.googleapis.com/v1/projects/axelsaws/services/cloudfunctions.googleapis.com [omitted]
[debug] [2024-09-06T23:01:28.794Z] >>> [apiv2][query] POST https://serviceusage.googleapis.com/v1/projects/axelsaws/services/cloudfunctions.googleapis.com:enable [none]
[debug] [2024-09-06T23:01:28.794Z] >>> [apiv2][(partial)header] POST https://serviceusage.googleapis.com/v1/projects/axelsaws/services/cloudfunctions.googleapis.com:enable x-goog-quota-user=projects/axelsaws
[debug] [2024-09-06T23:01:29.130Z] <<< [apiv2][status] POST https://serviceusage.googleapis.com/v1/projects/axelsaws/services/cloudfunctions.googleapis.com:enable 200
[debug] [2024-09-06T23:01:29.130Z] <<< [apiv2][body] POST https://serviceusage.googleapis.com/v1/projects/axelsaws/services/cloudfunctions.googleapis.com:enable [omitted]
[debug] [2024-09-06T23:01:39.134Z] >>> [apiv2][query] GET https://serviceusage.googleapis.com/v1/projects/axelsaws/services/cloudfunctions.googleapis.com [none]
[debug] [2024-09-06T23:01:39.134Z] >>> [apiv2][(partial)header] GET https://serviceusage.googleapis.com/v1/projects/axelsaws/services/cloudfunctions.googleapis.com x-goog-quota-user=projects/axelsaws
[debug] [2024-09-06T23:01:39.575Z] <<< [apiv2][status] GET https://serviceusage.googleapis.com/v1/projects/axelsaws/services/cloudfunctions.googleapis.com 200
[debug] [2024-09-06T23:01:39.575Z] <<< [apiv2][body] GET https://serviceusage.googleapis.com/v1/projects/axelsaws/services/cloudfunctions.googleapis.com [omitted]
[info] Let's create a new codebase for your functions.
[info] A directory corresponding to the codebase will be created in your project
[info] with sample code pre-configured.

[info] See https://firebase.google.com/docs/functions/organize-functions for
[info] more information on organizing your functions using codebases.

[info] Functions can be deployed with firebase deploy.

[info] +  Wrote functions/package.json 
[info] +  Wrote functions/.eslintrc.js 
[info] +  Wrote functions/index.js 
[info] +  Wrote functions/.gitignore 
[info] 
=== Hosting Setup
[debug] [2024-09-06T23:06:39.622Z] >>> [apiv2][query] GET https://firebase.googleapis.com/v1beta1/projects/axelsaws [none]
[debug] [2024-09-06T23:06:40.062Z] <<< [apiv2][status] GET https://firebase.googleapis.com/v1beta1/projects/axelsaws 200
[debug] [2024-09-06T23:06:40.063Z] <<< [apiv2][body] GET https://firebase.googleapis.com/v1beta1/projects/axelsaws {"projectId":"axelsaws","projectNumber":"72844102482","displayName":"AxelSAWS","name":"projects/axelsaws","resources":{"hostingSite":"axelsaws","realtimeDatabaseInstance":"axelsaws-default-rtdb","storageBucket":"axelsaws.appspot.com","locationId":"us-central"},"state":"ACTIVE","etag":"1_8b308fbe-c278-4aba-a2d7-1a02285cbad4"}
[info] 
[info] Your public directory is the folder (relative to your project directory) that
[info] will contain Hosting assets to be uploaded with firebase deploy. If you
[info] have a build process for your assets, use your build's output directory.
[info] 
[debug] [2024-09-06T23:09:00.778Z] >>> [apiv2][query] GET https://www.gstatic.com/firebasejs/releases.json [none]
[debug] [2024-09-06T23:09:00.902Z] <<< [apiv2][status] GET https://www.gstatic.com/firebasejs/releases.json 200
[debug] [2024-09-06T23:09:00.902Z] <<< [apiv2][body] GET https://www.gstatic.com/firebasejs/releases.json {"current":{"version":"10.13.1","browserURL":"https://www.gstatic.com/firebasejs/10.13.1/firebase.js","packageURL":"https://www.gstatic.com/firebasejs/10.13.1/firebase.tgz"},"live":{"version":"10.13","browserURL":"https://www.gstatic.com/firebasejs/live/10.13/firebase.js","packageURL":"https://www.gstatic.com/firebasejs/live/10.13/firebase.tgz"},"components":{"analytics":"https://www.gstatic.com/firebasejs/10.13.1/firebase-analytics.js","app":"https://www.gstatic.com/firebasejs/10.13.1/firebase-app.js","app-check":"https://www.gstatic.com/firebasejs/10.13.1/firebase-app-check.js","auth":"https://www.gstatic.com/firebasejs/10.13.1/firebase-auth.js","auth/cordova":"https://www.gstatic.com/firebasejs/10.13.1/firebase-auth/cordova.js","auth/web-extension":"https://www.gstatic.com/firebasejs/10.13.1/firebase-auth/web-extension.js","functions":"https://www.gstatic.com/firebasejs/10.13.1/firebase-functions.js","firestore":"https://www.gstatic.com/firebasejs/10.13.1/firebase-firestore.js","firestore/lite":"https://www.gstatic.com/firebasejs/10.13.1/firebase-firestore/lite.js","installations":"https://www.gstatic.com/firebasejs/10.13.1/firebase-installations.js","storage":"https://www.gstatic.com/firebasejs/10.13.1/firebase-storage.js","performance":"https://www.gstatic.com/firebasejs/10.13.1/firebase-performance.js","remote-config":"https://www.gstatic.com/firebasejs/10.13.1/firebase-remote-config.js","messaging":"https://www.gstatic.com/firebasejs/10.13.1/firebase-messaging.js","messaging/sw":"https://www.gstatic.com/firebasejs/10.13.1/firebase-messaging/sw.js","database":"https://www.gstatic.com/firebasejs/10.13.1/firebase-database.js","vertexai-preview":"https://www.gstatic.com/firebasejs/10.13.1/firebase-vertexai-preview.js","firestore.memory":"https://www.gstatic.com/firebasejs/10.13.1/firebase-firestore.memory.js"}}
[info] +  Wrote public/index.html 
[info] 
[info] i  Detected a .git folder at C:\Users\Wendy\Desktop\chatbot-app 
[info] i  Authorizing with GitHub to upload your service account to a GitHub repository's secrets store. 
[info] 
[info] Visit this URL on this device to log in:
[info] https://github.com/login/oauth/authorize?client_id=89cf50f02ac6aaed3484&state=471057136&redirect_uri=http%3A%2F%2Flocalhost%3A9005&scope=read%3Auser%20repo%20public_repo
[info] 
[info] Waiting for authentication...
